[INFO] Scanning for projects...
[INFO] ------------------------------------------------------------------------
[INFO] Building com.u14n.model
[INFO]    task-segment: [clean, site]
[INFO] ------------------------------------------------------------------------
[INFO] [clean:clean {execution: default-clean}]
[INFO] Deleting directory C:\com.u14n\projects\com.u14n.model\target
[INFO] Setting property: classpath.resource.loader.class => 'org.codehaus.plexus.velocity.ContextClassLoaderResourceLoader'.
[INFO] Setting property: velocimacro.messages.on => 'false'.
[INFO] Setting property: resource.loader => 'classpath'.
[INFO] Setting property: resource.manager.logwhenfound => 'false'.
[INFO] ************************************************************** 
[INFO] Starting Jakarta Velocity v1.4
[INFO] RuntimeInstance initializing.
[INFO] Default Properties File: org\apache\velocity\runtime\defaults\velocity.properties
[INFO] Default ResourceManager initializing. (class org.apache.velocity.runtime.resource.ResourceManagerImpl)
[INFO] Resource Loader Instantiated: org.codehaus.plexus.velocity.ContextClassLoaderResourceLoader
[INFO] ClasspathResourceLoader : initialization starting.
[INFO] ClasspathResourceLoader : initialization complete.
[INFO] ResourceCache : initialized. (class org.apache.velocity.runtime.resource.ResourceCacheImpl)
[INFO] Default ResourceManager initialization complete.
[INFO] Loaded System Directive: org.apache.velocity.runtime.directive.Literal
[INFO] Loaded System Directive: org.apache.velocity.runtime.directive.Macro
[INFO] Loaded System Directive: org.apache.velocity.runtime.directive.Parse
[INFO] Loaded System Directive: org.apache.velocity.runtime.directive.Include
[INFO] Loaded System Directive: org.apache.velocity.runtime.directive.Foreach
[INFO] Created: 20 parsers.
[INFO] Velocimacro : initialization starting.
[INFO] Velocimacro : adding VMs from VM library template : VM_global_library.vm
[ERROR] ResourceManager : unable to find resource 'VM_global_library.vm' in any resource loader.
[INFO] Velocimacro : error using  VM library template VM_global_library.vm : org.apache.velocity.exception.ResourceNotFoundException: Unable to find resource 'VM_global_library.vm'
[INFO] Velocimacro :  VM library template macro registration complete.
[INFO] Velocimacro : allowInline = true : VMs can be defined inline in templates
[INFO] Velocimacro : allowInlineToOverride = false : VMs defined inline may NOT replace previous VM definitions
[INFO] Velocimacro : allowInlineLocal = false : VMs defined inline will be  global in scope if allowed.
[INFO] Velocimacro : initialization complete.
[INFO] Velocity successfully started.
14:59:53,182  INFO org.hibernate.cfg.Environment - Hibernate 3.2.0
14:59:53,185  INFO org.hibernate.cfg.Environment - hibernate.properties not found
14:59:53,186  INFO org.hibernate.cfg.Environment - Bytecode provider name : cglib
14:59:53,189  INFO org.hibernate.cfg.Environment - using JDK 1.4 java.sql.Timestamp handling
url = jar:file:/C:/Users/Klaus Wenger/.m2/repository/org/codehaus/mojo/dashboard-maven-plugin/1.0.0-beta-1/dashboard-maven-plugin-1.0.0-beta-1.jar!/hibernate.cfg.xml
14:59:53,224  INFO org.hibernate.cfg.Configuration - configuring from url: jar:file:/C:/Users/Klaus Wenger/.m2/repository/org/codehaus/mojo/dashboard-maven-plugin/1.0.0-beta-1/dashboard-maven-plugin-1.0.0-beta-1.jar!/hibernate.cfg.xml
14:59:53,297  INFO org.hibernate.cfg.Configuration - Reading mappings from resource: dashboard.hbm.xml
14:59:53,380  INFO org.hibernate.cfg.HbmBinder - Mapping class: org.codehaus.mojo.dashboard.report.plugin.beans.DashBoardMavenProject -> MavenProject
14:59:53,392  INFO org.hibernate.cfg.HbmBinder - Mapping class: org.codehaus.mojo.dashboard.report.plugin.beans.AbstractReportBean -> AbstractReportBean
14:59:53,456  INFO org.hibernate.cfg.HbmBinder - Mapping union-subclass: org.codehaus.mojo.dashboard.report.plugin.beans.CheckstyleReportBean -> CheckstyleReportBean
14:59:53,457  INFO org.hibernate.cfg.HbmBinder - Mapping union-subclass: org.codehaus.mojo.dashboard.report.plugin.beans.CoberturaReportBean -> CoberturaReportBean
14:59:53,458  INFO org.hibernate.cfg.HbmBinder - Mapping union-subclass: org.codehaus.mojo.dashboard.report.plugin.beans.CloverReportBean -> CloverReportBean
14:59:53,459  INFO org.hibernate.cfg.HbmBinder - Mapping union-subclass: org.codehaus.mojo.dashboard.report.plugin.beans.CpdReportBean -> CpdReportBean
14:59:53,460  INFO org.hibernate.cfg.HbmBinder - Mapping union-subclass: org.codehaus.mojo.dashboard.report.plugin.beans.PmdReportBean -> PmdReportBean
14:59:53,461  INFO org.hibernate.cfg.HbmBinder - Mapping union-subclass: org.codehaus.mojo.dashboard.report.plugin.beans.SurefireReportBean -> SurefireReportBean
14:59:53,461  INFO org.hibernate.cfg.HbmBinder - Mapping union-subclass: org.codehaus.mojo.dashboard.report.plugin.beans.FindBugsReportBean -> FindBugsReportBean
14:59:53,462  INFO org.hibernate.cfg.HbmBinder - Mapping union-subclass: org.codehaus.mojo.dashboard.report.plugin.beans.TagListReportBean -> TagListReportBean
14:59:53,462  INFO org.hibernate.cfg.Configuration - Configured SessionFactory: null
[INFO] Preparing cobertura:cobertura
[INFO] [resources:resources {execution: default-resources}]
[WARNING] Using platform encoding (Cp1252 actually) to copy filtered resources, i.e. build is platform dependent!
[INFO] skip non existing resourceDirectory C:\com.u14n\projects\com.u14n.model\src\main\resources
[INFO] [compiler:compile {execution: default-compile}]
[INFO] Compiling 23 source files to C:\com.u14n\projects\com.u14n.model\target\classes
[INFO] [aspectj:compile {execution: compile}]
[WARNING] Domain integrity violation
[WARNING] Domain integrity violation
[WARNING] Domain integrity violation
[WARNING] Domain integrity violation
[WARNING] Domain integrity violation
[WARNING] Domain integrity violation
[WARNING] Domain integrity violation
[WARNING] Domain integrity violation
[INFO] 'com.u14n.model.address.bean.DetailedAddressBean' (DetailedAddressBean.java:11) is annotated with @Observable type annotation from 'com.u14n.model.Observables' (Observables.aj:13)
[INFO] Type 'com.u14n.model.address.bean.DetailedAddressBean' (DetailedAddressBean.java) has intertyped field from 'com.u14n.model.Serializables' (Serializables.aj:'long com.u14n.model.address.bean.DetailedAddressBean.serialVersionUID')
[INFO] Join point 'field-set(java.lang.String com.u14n.model.address.bean.DetailedAddressBean.street)' in Type 'com.u14n.model.address.bean.DetailedAddressBean' (DetailedAddressBean.java:39) advised by around advice from 'com.u14n.aspects.bean.PropertyChanges' (PropertyChanges.aj:35)
[INFO] Join point 'field-set(java.lang.String com.u14n.model.address.bean.DetailedAddressBean.number)' in Type 'com.u14n.model.address.bean.DetailedAddressBean' (DetailedAddressBean.java:40) advised by around advice from 'com.u14n.aspects.bean.PropertyChanges' (PropertyChanges.aj:35)
[INFO] Join point 'field-set(java.lang.String com.u14n.model.address.bean.DetailedAddressBean.unit)' in Type 'com.u14n.model.address.bean.DetailedAddressBean' (DetailedAddressBean.java:41) advised by around advice from 'com.u14n.aspects.bean.PropertyChanges' (PropertyChanges.aj:35)
[INFO] Join point 'field-set(java.lang.String com.u14n.model.address.bean.DetailedAddressBean.additional)' in Type 'com.u14n.model.address.bean.DetailedAddressBean' (DetailedAddressBean.java:42) advised by around advice from 'com.u14n.aspects.bean.PropertyChanges' (PropertyChanges.aj:35)
[INFO] Join point 'field-set(java.lang.String com.u14n.model.address.bean.DetailedAddressBean.poBox)' in Type 'com.u14n.model.address.bean.DetailedAddressBean' (DetailedAddressBean.java:43) advised by around advice from 'com.u14n.aspects.bean.PropertyChanges' (PropertyChanges.aj:35)
[INFO] Join point 'field-set(java.lang.String com.u14n.model.address.bean.DetailedAddressBean.workPhone)' in Type 'com.u14n.model.address.bean.DetailedAddressBean' (DetailedAddressBean.java:44) advised by around advice from 'com.u14n.aspects.bean.PropertyChanges' (PropertyChanges.aj:35)
[INFO] Join point 'field-set(java.lang.String com.u14n.model.address.bean.DetailedAddressBean.street)' in Type 'com.u14n.model.address.bean.DetailedAddressBean' (DetailedAddressBean.java:56) advised by around advice from 'com.u14n.aspects.bean.PropertyChanges' (PropertyChanges.aj:35)
[INFO] Join point 'field-set(java.lang.String com.u14n.model.address.bean.DetailedAddressBean.number)' in Type 'com.u14n.model.address.bean.DetailedAddressBean' (DetailedAddressBean.java:68) advised by around advice from 'com.u14n.aspects.bean.PropertyChanges' (PropertyChanges.aj:35)
[INFO] Join point 'field-set(java.lang.String com.u14n.model.address.bean.DetailedAddressBean.unit)' in Type 'com.u14n.model.address.bean.DetailedAddressBean' (DetailedAddressBean.java:80) advised by around advice from 'com.u14n.aspects.bean.PropertyChanges' (PropertyChanges.aj:35)
[INFO] Join point 'field-set(java.lang.String com.u14n.model.address.bean.DetailedAddressBean.additional)' in Type 'com.u14n.model.address.bean.DetailedAddressBean' (DetailedAddressBean.java:92) advised by around advice from 'com.u14n.aspects.bean.PropertyChanges' (PropertyChanges.aj:35)
[INFO] Join point 'field-set(java.lang.String com.u14n.model.address.bean.DetailedAddressBean.poBox)' in Type 'com.u14n.model.address.bean.DetailedAddressBean' (DetailedAddressBean.java:104) advised by around advice from 'com.u14n.aspects.bean.PropertyChanges' (PropertyChanges.aj:35)
[INFO] Join point 'field-set(java.lang.String com.u14n.model.address.bean.DetailedAddressBean.workPhone)' in Type 'com.u14n.model.address.bean.DetailedAddressBean' (DetailedAddressBean.java:128) advised by around advice from 'com.u14n.aspects.bean.PropertyChanges' (PropertyChanges.aj:35)
[INFO] 'com.u14n.model.user.bean.UserBean' (UserBean.java:19) is annotated with @Observable type annotation from 'com.u14n.model.Observables' (Observables.aj:13)
[INFO] Extending interface set for type 'com.u14n.model.user.bean.UserBean' (UserBean.java) to include 'java.io.Serializable' (Serializables.aj)
[INFO] Setting superclass of type 'com.u14n.model.user.bean.UserBean' (UserBean.java) to 'com.damnhandy.aspects.bean.JavaBeanMixin' (JavaBeans.aj)
[INFO] Type 'com.u14n.model.user.bean.UserBean' (UserBean.java) has intertyped field from 'com.u14n.model.Serializables' (Serializables.aj:'long com.u14n.model.user.bean.UserBean.serialVersionUID')
[INFO] 'private String password' of type 'com.u14n.model.user.bean.UserBean' (UserBean.java) is annotated with @Constrained field annotation from 'com.u14n.model.Observables' (Observables.aj:14)
[INFO] Join point 'field-set(java.lang.String com.u14n.model.user.bean.UserBean.name)' in Type 'com.u14n.model.user.bean.UserBean' (UserBean.java:40) advised by around advice from 'com.u14n.aspects.bean.PropertyChanges' (PropertyChanges.aj:35)
[INFO] Join point 'field-set(java.lang.String com.u14n.model.user.bean.UserBean.password)' in Type 'com.u14n.model.user.bean.UserBean' (UserBean.java:41) advised by around advice from 'com.u14n.aspects.bean.PropertyChanges' (PropertyChanges.aj:35)
[INFO] Join point 'field-set(com.u14n.model.person.bean.PersonBean com.u14n.model.user.bean.UserBean.personBean)' in Type 'com.u14n.model.user.bean.UserBean' (UserBean.java:48) advised by around advice from 'com.u14n.aspects.bean.PropertyChanges' (PropertyChanges.aj:35)
[INFO] Join point 'field-set(java.lang.String com.u14n.model.user.bean.UserBean.email)' in Type 'com.u14n.model.user.bean.UserBean' (UserBean.java:56) advised by around advice from 'com.u14n.aspects.bean.PropertyChanges' (PropertyChanges.aj:35)
[INFO] Join point 'field-set(com.u14n.model.person.bean.PersonBean com.u14n.model.user.bean.UserBean.personBean)' in Type 'com.u14n.model.user.bean.UserBean' (UserBean.java:57) advised by around advice from 'com.u14n.aspects.bean.PropertyChanges' (PropertyChanges.aj:35)
[INFO] Join point 'field-set(java.lang.String com.u14n.model.user.bean.UserBean.name)' in Type 'com.u14n.model.user.bean.UserBean' (UserBean.java:73) advised by around advice from 'com.u14n.aspects.bean.PropertyChanges' (PropertyChanges.aj:35)
[INFO] Join point 'field-set(java.lang.String com.u14n.model.user.bean.UserBean.password)' in Type 'com.u14n.model.user.bean.UserBean' (UserBean.java:96) advised by around advice from 'com.u14n.aspects.bean.PropertyChanges' (PropertyChanges.aj:35)
[INFO] Join point 'field-set(java.lang.String com.u14n.model.user.bean.UserBean.email)' in Type 'com.u14n.model.user.bean.UserBean' (UserBean.java:108) advised by around advice from 'com.u14n.aspects.bean.PropertyChanges' (PropertyChanges.aj:35)
[INFO] Join point 'field-set(com.u14n.model.person.bean.PersonBean com.u14n.model.user.bean.UserBean.personBean)' in Type 'com.u14n.model.user.bean.UserBean' (UserBean.java:160) advised by around advice from 'com.u14n.aspects.bean.PropertyChanges' (PropertyChanges.aj:35)
[INFO] Join point 'field-set(com.u14n.model.person.bean.PersonBean com.u14n.model.user.bean.UserBean.personBean)' in Type 'com.u14n.model.user.bean.UserBean' (UserBean.java:168) advised by around advice from 'com.u14n.aspects.bean.PropertyChanges' (PropertyChanges.aj:35)
[INFO] Join point 'field-set(java.util.Collection com.u14n.model.user.bean.UserBean.groupBeans)' in Type 'com.u14n.model.user.bean.UserBean' (UserBean.java:181) advised by around advice from 'com.u14n.aspects.bean.PropertyChanges' (PropertyChanges.aj:35)
[INFO] Join point 'field-set(java.util.Collection com.u14n.model.user.bean.UserBean.groupBeans)' in Type 'com.u14n.model.user.bean.UserBean' (UserBean.java:189) advised by around advice from 'com.u14n.aspects.bean.PropertyChanges' (PropertyChanges.aj:35)
[INFO] 'com.u14n.model.user.bean.GroupBean' (GroupBean.java:14) is annotated with @Observable type annotation from 'com.u14n.model.Observables' (Observables.aj:13)
[INFO] Extending interface set for type 'com.u14n.model.user.bean.GroupBean' (GroupBean.java) to include 'java.io.Serializable' (Serializables.aj)
[INFO] Setting superclass of type 'com.u14n.model.user.bean.GroupBean' (GroupBean.java) to 'com.damnhandy.aspects.bean.JavaBeanMixin' (JavaBeans.aj)
[INFO] Type 'com.u14n.model.user.bean.GroupBean' (GroupBean.java) has intertyped field from 'com.u14n.model.Serializables' (Serializables.aj:'long com.u14n.model.user.bean.GroupBean.serialVersionUID')
[INFO] Join point 'field-set(java.lang.String com.u14n.model.user.bean.GroupBean.name)' in Type 'com.u14n.model.user.bean.GroupBean' (GroupBean.java:21) advised by around advice from 'com.u14n.aspects.bean.PropertyChanges' (PropertyChanges.aj:35)
[INFO] Join point 'field-set(java.lang.String com.u14n.model.user.bean.GroupBean.name)' in Type 'com.u14n.model.user.bean.GroupBean' (GroupBean.java:42) advised by around advice from 'com.u14n.aspects.bean.PropertyChanges' (PropertyChanges.aj:35)
[INFO] Join point 'field-set(java.util.Collection com.u14n.model.user.bean.GroupBean.userBeans)' in Type 'com.u14n.model.user.bean.GroupBean' (GroupBean.java:55) advised by around advice from 'com.u14n.aspects.bean.PropertyChanges' (PropertyChanges.aj:35)
[INFO] Join point 'field-set(java.util.Collection com.u14n.model.user.bean.GroupBean.userBeans)' in Type 'com.u14n.model.user.bean.GroupBean' (GroupBean.java:63) advised by around advice from 'com.u14n.aspects.bean.PropertyChanges' (PropertyChanges.aj:35)
[INFO] 'com.u14n.model.person.bean.PersonBean' (PersonBean.java:15) is annotated with @Observable type annotation from 'com.u14n.model.Observables' (Observables.aj:13)
[INFO] Extending interface set for type 'com.u14n.model.person.bean.PersonBean' (PersonBean.java) to include 'java.io.Serializable' (Serializables.aj)
[INFO] Setting superclass of type 'com.u14n.model.person.bean.PersonBean' (PersonBean.java) to 'com.damnhandy.aspects.bean.JavaBeanMixin' (JavaBeans.aj)
[INFO] Type 'com.u14n.model.person.bean.PersonBean' (PersonBean.java) has intertyped field from 'com.u14n.model.Serializables' (Serializables.aj:'long com.u14n.model.person.bean.PersonBean.serialVersionUID')
[INFO] Join point 'field-set(com.u14n.model.address.bean.SimpleAddressBean com.u14n.model.person.bean.PersonBean.addressBean)' in Type 'com.u14n.model.person.bean.PersonBean' (PersonBean.java:28) advised by around advice from 'com.u14n.aspects.bean.PropertyChanges' (PropertyChanges.aj:35)
[INFO] Join point 'field-set(java.util.Date com.u14n.model.person.bean.PersonBean.dateOfBirth)' in Type 'com.u14n.model.person.bean.PersonBean' (PersonBean.java:29) advised by around advice from 'com.u14n.aspects.bean.PropertyChanges' (PropertyChanges.aj:35)
[INFO] Join point 'field-set(java.lang.String com.u14n.model.person.bean.PersonBean.firstName)' in Type 'com.u14n.model.person.bean.PersonBean' (PersonBean.java:30) advised by around advice from 'com.u14n.aspects.bean.PropertyChanges' (PropertyChanges.aj:35)
[INFO] Join point 'field-set(java.lang.String com.u14n.model.person.bean.PersonBean.lastName)' in Type 'com.u14n.model.person.bean.PersonBean' (PersonBean.java:31) advised by around advice from 'com.u14n.aspects.bean.PropertyChanges' (PropertyChanges.aj:35)
[INFO] Join point 'field-set(java.lang.String com.u14n.model.person.bean.PersonBean.middleName)' in Type 'com.u14n.model.person.bean.PersonBean' (PersonBean.java:32) advised by around advice from 'com.u14n.aspects.bean.PropertyChanges' (PropertyChanges.aj:35)
[INFO] Join point 'field-set(com.u14n.model.address.bean.SimpleAddressBean com.u14n.model.person.bean.PersonBean.addressBean)' in Type 'com.u14n.model.person.bean.PersonBean' (PersonBean.java:41) advised by around advice from 'com.u14n.aspects.bean.PropertyChanges' (PropertyChanges.aj:35)
[INFO] Join point 'field-set(java.util.Date com.u14n.model.person.bean.PersonBean.dateOfBirth)' in Type 'com.u14n.model.person.bean.PersonBean' (PersonBean.java:44) advised by around advice from 'com.u14n.aspects.bean.PropertyChanges' (PropertyChanges.aj:35)
[INFO] Join point 'field-set(java.lang.String com.u14n.model.person.bean.PersonBean.firstName)' in Type 'com.u14n.model.person.bean.PersonBean' (PersonBean.java:47) advised by around advice from 'com.u14n.aspects.bean.PropertyChanges' (PropertyChanges.aj:35)
[INFO] Join point 'field-set(java.lang.String com.u14n.model.person.bean.PersonBean.lastName)' in Type 'com.u14n.model.person.bean.PersonBean' (PersonBean.java:48) advised by around advice from 'com.u14n.aspects.bean.PropertyChanges' (PropertyChanges.aj:35)
[INFO] Join point 'field-set(java.lang.String com.u14n.model.person.bean.PersonBean.middleName)' in Type 'com.u14n.model.person.bean.PersonBean' (PersonBean.java:49) advised by around advice from 'com.u14n.aspects.bean.PropertyChanges' (PropertyChanges.aj:35)
[INFO] Join point 'field-set(java.lang.String com.u14n.model.person.bean.PersonBean.firstName)' in Type 'com.u14n.model.person.bean.PersonBean' (PersonBean.java:62) advised by around advice from 'com.u14n.aspects.bean.PropertyChanges' (PropertyChanges.aj:35)
[INFO] Join point 'field-set(java.lang.String com.u14n.model.person.bean.PersonBean.lastName)' in Type 'com.u14n.model.person.bean.PersonBean' (PersonBean.java:74) advised by around advice from 'com.u14n.aspects.bean.PropertyChanges' (PropertyChanges.aj:35)
[INFO] Join point 'field-set(java.lang.String com.u14n.model.person.bean.PersonBean.middleName)' in Type 'com.u14n.model.person.bean.PersonBean' (PersonBean.java:86) advised by around advice from 'com.u14n.aspects.bean.PropertyChanges' (PropertyChanges.aj:35)
[INFO] Join point 'field-set(java.util.Date com.u14n.model.person.bean.PersonBean.dateOfBirth)' in Type 'com.u14n.model.person.bean.PersonBean' (PersonBean.java:98) advised by around advice from 'com.u14n.aspects.bean.PropertyChanges' (PropertyChanges.aj:35)
[INFO] Join point 'field-set(com.u14n.model.address.bean.SimpleAddressBean com.u14n.model.person.bean.PersonBean.addressBean)' in Type 'com.u14n.model.person.bean.PersonBean' (PersonBean.java:111) advised by around advice from 'com.u14n.aspects.bean.PropertyChanges' (PropertyChanges.aj:35)
[INFO] Join point 'field-set(com.u14n.model.address.bean.SimpleAddressBean com.u14n.model.person.bean.PersonBean.addressBean)' in Type 'com.u14n.model.person.bean.PersonBean' (PersonBean.java:119) advised by around advice from 'com.u14n.aspects.bean.PropertyChanges' (PropertyChanges.aj:35)
[INFO] 'com.u14n.model.user.bean.NewUserBean' (NewUserBean.java:12) is annotated with @Observable type annotation from 'com.u14n.model.Observables' (Observables.aj:13)
[INFO] Join point 'field-set(java.lang.String com.u14n.model.user.bean.NewUserBean.confirmPassword)' in Type 'com.u14n.model.user.bean.NewUserBean' (NewUserBean.java:49) advised by around advice from 'com.u14n.aspects.bean.PropertyChanges' (PropertyChanges.aj:35)
[INFO] 'com.u14n.model.address.bean.SimpleAddressBean' (SimpleAddressBean.java:11) is annotated with @Observable type annotation from 'com.u14n.model.Observables' (Observables.aj:13)
[INFO] Type 'com.u14n.model.address.bean.SimpleAddressBean' (SimpleAddressBean.java) has intertyped field from 'com.u14n.model.Serializables' (Serializables.aj:'long com.u14n.model.address.bean.SimpleAddressBean.serialVersionUID')
[INFO] Join point 'field-set(java.lang.String com.u14n.model.address.bean.SimpleAddressBean.line1)' in Type 'com.u14n.model.address.bean.SimpleAddressBean' (SimpleAddressBean.java:36) advised by around advice from 'com.u14n.aspects.bean.PropertyChanges' (PropertyChanges.aj:35)
[INFO] Join point 'field-set(java.lang.String com.u14n.model.address.bean.SimpleAddressBean.line2)' in Type 'com.u14n.model.address.bean.SimpleAddressBean' (SimpleAddressBean.java:37) advised by around advice from 'com.u14n.aspects.bean.PropertyChanges' (PropertyChanges.aj:35)
[INFO] Join point 'field-set(java.lang.String com.u14n.model.address.bean.SimpleAddressBean.line1)' in Type 'com.u14n.model.address.bean.SimpleAddressBean' (SimpleAddressBean.java:44) advised by around advice from 'com.u14n.aspects.bean.PropertyChanges' (PropertyChanges.aj:35)
[INFO] Join point 'field-set(java.lang.String com.u14n.model.address.bean.SimpleAddressBean.line2)' in Type 'com.u14n.model.address.bean.SimpleAddressBean' (SimpleAddressBean.java:45) advised by around advice from 'com.u14n.aspects.bean.PropertyChanges' (PropertyChanges.aj:35)
[INFO] Join point 'field-set(java.lang.String com.u14n.model.address.bean.SimpleAddressBean.line1)' in Type 'com.u14n.model.address.bean.SimpleAddressBean' (SimpleAddressBean.java:67) advised by around advice from 'com.u14n.aspects.bean.PropertyChanges' (PropertyChanges.aj:35)
[INFO] Join point 'field-set(java.lang.String com.u14n.model.address.bean.SimpleAddressBean.line2)' in Type 'com.u14n.model.address.bean.SimpleAddressBean' (SimpleAddressBean.java:79) advised by around advice from 'com.u14n.aspects.bean.PropertyChanges' (PropertyChanges.aj:35)
[INFO] 'com.u14n.model.address.bean.AddressBean' (AddressBean.java:11) is annotated with @Observable type annotation from 'com.u14n.model.Observables' (Observables.aj:13)
[INFO] Extending interface set for type 'com.u14n.model.address.bean.AddressBean' (AddressBean.java) to include 'java.io.Serializable' (Serializables.aj)
[INFO] Setting superclass of type 'com.u14n.model.address.bean.AddressBean' (AddressBean.java) to 'com.damnhandy.aspects.bean.JavaBeanMixin' (JavaBeans.aj)
[INFO] Join point 'field-set(java.lang.String com.u14n.model.address.bean.AddressBean.description)' in Type 'com.u14n.model.address.bean.AddressBean' (AddressBean.java:32) advised by around advice from 'com.u14n.aspects.bean.PropertyChanges' (PropertyChanges.aj:35)
[INFO] Join point 'field-set(java.lang.String com.u14n.model.address.bean.AddressBean.country)' in Type 'com.u14n.model.address.bean.AddressBean' (AddressBean.java:33) advised by around advice from 'com.u14n.aspects.bean.PropertyChanges' (PropertyChanges.aj:35)
[INFO] Join point 'field-set(java.lang.String com.u14n.model.address.bean.AddressBean.state)' in Type 'com.u14n.model.address.bean.AddressBean' (AddressBean.java:34) advised by around advice from 'com.u14n.aspects.bean.PropertyChanges' (PropertyChanges.aj:35)
[INFO] Join point 'field-set(java.lang.String com.u14n.model.address.bean.AddressBean.city)' in Type 'com.u14n.model.address.bean.AddressBean' (AddressBean.java:35) advised by around advice from 'com.u14n.aspects.bean.PropertyChanges' (PropertyChanges.aj:35)
[INFO] Join point 'field-set(java.lang.String com.u14n.model.address.bean.AddressBean.zipCode)' in Type 'com.u14n.model.address.bean.AddressBean' (AddressBean.java:36) advised by around advice from 'com.u14n.aspects.bean.PropertyChanges' (PropertyChanges.aj:35)
[INFO] Join point 'field-set(java.lang.String com.u14n.model.address.bean.AddressBean.phone)' in Type 'com.u14n.model.address.bean.AddressBean' (AddressBean.java:37) advised by around advice from 'com.u14n.aspects.bean.PropertyChanges' (PropertyChanges.aj:35)
[INFO] Join point 'field-set(java.lang.String com.u14n.model.address.bean.AddressBean.fax)' in Type 'com.u14n.model.address.bean.AddressBean' (AddressBean.java:38) advised by around advice from 'com.u14n.aspects.bean.PropertyChanges' (PropertyChanges.aj:35)
[INFO] Join point 'field-set(java.lang.String com.u14n.model.address.bean.AddressBean.description)' in Type 'com.u14n.model.address.bean.AddressBean' (AddressBean.java:46) advised by around advice from 'com.u14n.aspects.bean.PropertyChanges' (PropertyChanges.aj:35)
[INFO] Join point 'field-set(java.lang.String com.u14n.model.address.bean.AddressBean.country)' in Type 'com.u14n.model.address.bean.AddressBean' (AddressBean.java:47) advised by around advice from 'com.u14n.aspects.bean.PropertyChanges' (PropertyChanges.aj:35)
[INFO] Join point 'field-set(java.lang.String com.u14n.model.address.bean.AddressBean.state)' in Type 'com.u14n.model.address.bean.AddressBean' (AddressBean.java:48) advised by around advice from 'com.u14n.aspects.bean.PropertyChanges' (PropertyChanges.aj:35)
[INFO] Join point 'field-set(java.lang.String com.u14n.model.address.bean.AddressBean.city)' in Type 'com.u14n.model.address.bean.AddressBean' (AddressBean.java:49) advised by around advice from 'com.u14n.aspects.bean.PropertyChanges' (PropertyChanges.aj:35)
[INFO] Join point 'field-set(java.lang.String com.u14n.model.address.bean.AddressBean.zipCode)' in Type 'com.u14n.model.address.bean.AddressBean' (AddressBean.java:50) advised by around advice from 'com.u14n.aspects.bean.PropertyChanges' (PropertyChanges.aj:35)
[INFO] Join point 'field-set(java.lang.String com.u14n.model.address.bean.AddressBean.phone)' in Type 'com.u14n.model.address.bean.AddressBean' (AddressBean.java:51) advised by around advice from 'com.u14n.aspects.bean.PropertyChanges' (PropertyChanges.aj:35)
[INFO] Join point 'field-set(java.lang.String com.u14n.model.address.bean.AddressBean.fax)' in Type 'com.u14n.model.address.bean.AddressBean' (AddressBean.java:52) advised by around advice from 'com.u14n.aspects.bean.PropertyChanges' (PropertyChanges.aj:35)
[INFO] Join point 'field-set(java.lang.String com.u14n.model.address.bean.AddressBean.description)' in Type 'com.u14n.model.address.bean.AddressBean' (AddressBean.java:65) advised by around advice from 'com.u14n.aspects.bean.PropertyChanges' (PropertyChanges.aj:35)
[INFO] Join point 'field-set(java.lang.String com.u14n.model.address.bean.AddressBean.country)' in Type 'com.u14n.model.address.bean.AddressBean' (AddressBean.java:77) advised by around advice from 'com.u14n.aspects.bean.PropertyChanges' (PropertyChanges.aj:35)
[INFO] Join point 'field-set(java.lang.String com.u14n.model.address.bean.AddressBean.state)' in Type 'com.u14n.model.address.bean.AddressBean' (AddressBean.java:89) advised by around advice from 'com.u14n.aspects.bean.PropertyChanges' (PropertyChanges.aj:35)
[INFO] Join point 'field-set(java.lang.String com.u14n.model.address.bean.AddressBean.city)' in Type 'com.u14n.model.address.bean.AddressBean' (AddressBean.java:101) advised by around advice from 'com.u14n.aspects.bean.PropertyChanges' (PropertyChanges.aj:35)
[INFO] Join point 'field-set(java.lang.String com.u14n.model.address.bean.AddressBean.zipCode)' in Type 'com.u14n.model.address.bean.AddressBean' (AddressBean.java:113) advised by around advice from 'com.u14n.aspects.bean.PropertyChanges' (PropertyChanges.aj:35)
[INFO] Join point 'field-set(java.lang.String com.u14n.model.address.bean.AddressBean.phone)' in Type 'com.u14n.model.address.bean.AddressBean' (AddressBean.java:125) advised by around advice from 'com.u14n.aspects.bean.PropertyChanges' (PropertyChanges.aj:35)
[INFO] Join point 'field-set(java.lang.String com.u14n.model.address.bean.AddressBean.fax)' in Type 'com.u14n.model.address.bean.AddressBean' (AddressBean.java:137) advised by around advice from 'com.u14n.aspects.bean.PropertyChanges' (PropertyChanges.aj:35)
[INFO] [cobertura:instrument {execution: default-instrument}]
[INFO] Cobertura 1.9.2 - GNU GPL License (NO WARRANTY) - See COPYRIGHT file
Instrumenting 32 files to C:\com.u14n\projects\com.u14n.model\target\generated-classes\cobertura
Cobertura: Saved information on 32 classes.
Instrument time: 387ms

[INFO] Instrumentation was successful.
[INFO] [resources:testResources {execution: default-testResources}]
[WARNING] Using platform encoding (Cp1252 actually) to copy filtered resources, i.e. build is platform dependent!
[INFO] skip non existing resourceDirectory C:\com.u14n\projects\com.u14n.model\src\test\resources
[INFO] [compiler:testCompile {execution: default-testCompile}]
[INFO] Compiling 5 source files to C:\com.u14n\projects\com.u14n.model\target\test-classes
[INFO] [aspectj:test-compile {execution: test-compile}]
[WARNING] Domain integrity violation
[WARNING] Domain integrity violation
[WARNING] Domain integrity violation
[WARNING] Domain integrity violation
[WARNING] Domain integrity violation
[WARNING] Domain integrity violation
[WARNING] Domain integrity violation
[WARNING] Domain integrity violation
[INFO] Setting superclass of type 'com.u14n.aspects.bean.TestBean' (TestBean.java) to 'com.damnhandy.aspects.bean.JavaBeanMixin' (JavaBeans.aj)
[INFO] Join point 'field-set(java.lang.String com.u14n.aspects.bean.TestBean.bound)' in Type 'com.u14n.aspects.bean.TestBean' (TestBean.java:27) advised by around advice from 'com.u14n.aspects.bean.PropertyChanges' (PropertyChanges.class:35(from PropertyChanges.aj))
[INFO] Join point 'field-set(java.lang.String com.u14n.aspects.bean.TestBean.mute)' in Type 'com.u14n.aspects.bean.TestBean' (TestBean.java:33) advised by around advice from 'com.u14n.aspects.bean.PropertyChanges' (PropertyChanges.class:35(from PropertyChanges.aj))
[INFO] Join point 'field-set(java.lang.String com.u14n.aspects.bean.TestBean.constrained)' in Type 'com.u14n.aspects.bean.TestBean' (TestBean.java:45) advised by around advice from 'com.u14n.aspects.bean.PropertyChanges' (PropertyChanges.class:35(from PropertyChanges.aj))
[WARNING] Domain integrity violation
[WARNING] Domain integrity violation
[WARNING] Domain integrity violation
[WARNING] Please don't write messages to System out or err
[WARNING] Domain integrity violation
[WARNING] Please don't write messages to System out or err
[WARNING] Domain integrity violation
[WARNING] Domain integrity violation
[WARNING] Domain integrity violation
[WARNING] Domain integrity violation
[WARNING] Domain integrity violation
[WARNING] Domain integrity violation
[WARNING] Domain integrity violation
[WARNING] Domain integrity violation
[WARNING] Domain integrity violation
[WARNING] Domain integrity violation
[WARNING] Domain integrity violation
[WARNING] Domain integrity violation
[WARNING] Domain integrity violation
[WARNING] Domain integrity violation
[WARNING] Domain integrity violation
[WARNING] Domain integrity violation
[WARNING] Domain integrity violation
[WARNING] Domain integrity violation
[WARNING] Domain integrity violation
[WARNING] Domain integrity violation
[WARNING] Domain integrity violation
[WARNING] Domain integrity violation
[WARNING] Domain integrity violation
[INFO] [surefire:test {execution: default-test}]
[INFO] Surefire report directory: C:\com.u14n\projects\com.u14n.model\target\surefire-reports

-------------------------------------------------------
 T E S T S
-------------------------------------------------------
Running com.u14n.model.user.bean.GroupBeanTest
Tests run: 10, Failures: 0, Errors: 0, Skipped: 0, Time elapsed: 0.124 sec
Running com.u14n.aspects.bean.TestBean
Tests run: 0, Failures: 0, Errors: 0, Skipped: 0, Time elapsed: 0.004 sec
Running com.u14n.model.user.bean.UserBeanTest
Tests run: 20, Failures: 0, Errors: 0, Skipped: 0, Time elapsed: 0.052 sec
Running com.u14n.model.address.bean.SimpleAddressBeanTest
VerbosenessTest.testSyserrAccess()
Tests run: 22, Failures: 0, Errors: 0, Skipped: 0, Time elapsed: 0.034 sec
Running com.u14n.aspects.VerbosenessTest
VerbosenessTest.testSysoutAccess()
Tests run: 2, Failures: 0, Errors: 0, Skipped: 0, Time elapsed: 0.005 sec
Running com.u14n.model.person.bean.PersonBeanTest
Tests run: 14, Failures: 0, Errors: 0, Skipped: 0, Time elapsed: 0.016 sec
Running com.u14n.aspects.bean.TestBeanTest
Tests run: 3, Failures: 0, Errors: 0, Skipped: 0, Time elapsed: 0.006 sec

Results :

Tests run: 71, Failures: 0, Errors: 0, Skipped: 0

Cobertura: Loaded information on 32 classes.
Cobertura: Saved information on 32 classes.
[INFO] Preparing jdepend:generate
[INFO] [resources:resources {execution: default-resources}]
[WARNING] Using platform encoding (Cp1252 actually) to copy filtered resources, i.e. build is platform dependent!
[INFO] skip non existing resourceDirectory C:\com.u14n\projects\com.u14n.model\src\main\resources
[INFO] [compiler:compile {execution: default-compile}]
[INFO] Nothing to compile - all classes are up to date
[INFO] [aspectj:compile {execution: compile}]
[WARNING] Domain integrity violation
[WARNING] Domain integrity violation
[WARNING] Domain integrity violation
[WARNING] Domain integrity violation
[WARNING] Domain integrity violation
[WARNING] Domain integrity violation
[WARNING] Domain integrity violation
[WARNING] Domain integrity violation
[INFO] 'com.u14n.model.address.bean.DetailedAddressBean' (DetailedAddressBean.java:11) is annotated with @Observable type annotation from 'com.u14n.model.Observables' (Observables.aj:13)
[INFO] Type 'com.u14n.model.address.bean.DetailedAddressBean' (DetailedAddressBean.java) has intertyped field from 'com.u14n.model.Serializables' (Serializables.aj:'long com.u14n.model.address.bean.DetailedAddressBean.serialVersionUID')
[INFO] Join point 'field-set(java.lang.String com.u14n.model.address.bean.DetailedAddressBean.street)' in Type 'com.u14n.model.address.bean.DetailedAddressBean' (DetailedAddressBean.java:39) advised by around advice from 'com.u14n.aspects.bean.PropertyChanges' (PropertyChanges.aj:35)
[INFO] Join point 'field-set(java.lang.String com.u14n.model.address.bean.DetailedAddressBean.number)' in Type 'com.u14n.model.address.bean.DetailedAddressBean' (DetailedAddressBean.java:40) advised by around advice from 'com.u14n.aspects.bean.PropertyChanges' (PropertyChanges.aj:35)
[INFO] Join point 'field-set(java.lang.String com.u14n.model.address.bean.DetailedAddressBean.unit)' in Type 'com.u14n.model.address.bean.DetailedAddressBean' (DetailedAddressBean.java:41) advised by around advice from 'com.u14n.aspects.bean.PropertyChanges' (PropertyChanges.aj:35)
[INFO] Join point 'field-set(java.lang.String com.u14n.model.address.bean.DetailedAddressBean.additional)' in Type 'com.u14n.model.address.bean.DetailedAddressBean' (DetailedAddressBean.java:42) advised by around advice from 'com.u14n.aspects.bean.PropertyChanges' (PropertyChanges.aj:35)
[INFO] Join point 'field-set(java.lang.String com.u14n.model.address.bean.DetailedAddressBean.poBox)' in Type 'com.u14n.model.address.bean.DetailedAddressBean' (DetailedAddressBean.java:43) advised by around advice from 'com.u14n.aspects.bean.PropertyChanges' (PropertyChanges.aj:35)
[INFO] Join point 'field-set(java.lang.String com.u14n.model.address.bean.DetailedAddressBean.workPhone)' in Type 'com.u14n.model.address.bean.DetailedAddressBean' (DetailedAddressBean.java:44) advised by around advice from 'com.u14n.aspects.bean.PropertyChanges' (PropertyChanges.aj:35)
[INFO] Join point 'field-set(java.lang.String com.u14n.model.address.bean.DetailedAddressBean.street)' in Type 'com.u14n.model.address.bean.DetailedAddressBean' (DetailedAddressBean.java:56) advised by around advice from 'com.u14n.aspects.bean.PropertyChanges' (PropertyChanges.aj:35)
[INFO] Join point 'field-set(java.lang.String com.u14n.model.address.bean.DetailedAddressBean.number)' in Type 'com.u14n.model.address.bean.DetailedAddressBean' (DetailedAddressBean.java:68) advised by around advice from 'com.u14n.aspects.bean.PropertyChanges' (PropertyChanges.aj:35)
[INFO] Join point 'field-set(java.lang.String com.u14n.model.address.bean.DetailedAddressBean.unit)' in Type 'com.u14n.model.address.bean.DetailedAddressBean' (DetailedAddressBean.java:80) advised by around advice from 'com.u14n.aspects.bean.PropertyChanges' (PropertyChanges.aj:35)
[INFO] Join point 'field-set(java.lang.String com.u14n.model.address.bean.DetailedAddressBean.additional)' in Type 'com.u14n.model.address.bean.DetailedAddressBean' (DetailedAddressBean.java:92) advised by around advice from 'com.u14n.aspects.bean.PropertyChanges' (PropertyChanges.aj:35)
[INFO] Join point 'field-set(java.lang.String com.u14n.model.address.bean.DetailedAddressBean.poBox)' in Type 'com.u14n.model.address.bean.DetailedAddressBean' (DetailedAddressBean.java:104) advised by around advice from 'com.u14n.aspects.bean.PropertyChanges' (PropertyChanges.aj:35)
[INFO] Join point 'field-set(java.lang.String com.u14n.model.address.bean.DetailedAddressBean.workPhone)' in Type 'com.u14n.model.address.bean.DetailedAddressBean' (DetailedAddressBean.java:128) advised by around advice from 'com.u14n.aspects.bean.PropertyChanges' (PropertyChanges.aj:35)
[INFO] 'com.u14n.model.user.bean.UserBean' (UserBean.java:19) is annotated with @Observable type annotation from 'com.u14n.model.Observables' (Observables.aj:13)
[INFO] Extending interface set for type 'com.u14n.model.user.bean.UserBean' (UserBean.java) to include 'java.io.Serializable' (Serializables.aj)
[INFO] Setting superclass of type 'com.u14n.model.user.bean.UserBean' (UserBean.java) to 'com.damnhandy.aspects.bean.JavaBeanMixin' (JavaBeans.aj)
[INFO] Type 'com.u14n.model.user.bean.UserBean' (UserBean.java) has intertyped field from 'com.u14n.model.Serializables' (Serializables.aj:'long com.u14n.model.user.bean.UserBean.serialVersionUID')
[INFO] 'private String password' of type 'com.u14n.model.user.bean.UserBean' (UserBean.java) is annotated with @Constrained field annotation from 'com.u14n.model.Observables' (Observables.aj:14)
[INFO] Join point 'field-set(java.lang.String com.u14n.model.user.bean.UserBean.name)' in Type 'com.u14n.model.user.bean.UserBean' (UserBean.java:40) advised by around advice from 'com.u14n.aspects.bean.PropertyChanges' (PropertyChanges.aj:35)
[INFO] Join point 'field-set(java.lang.String com.u14n.model.user.bean.UserBean.password)' in Type 'com.u14n.model.user.bean.UserBean' (UserBean.java:41) advised by around advice from 'com.u14n.aspects.bean.PropertyChanges' (PropertyChanges.aj:35)
[INFO] Join point 'field-set(com.u14n.model.person.bean.PersonBean com.u14n.model.user.bean.UserBean.personBean)' in Type 'com.u14n.model.user.bean.UserBean' (UserBean.java:48) advised by around advice from 'com.u14n.aspects.bean.PropertyChanges' (PropertyChanges.aj:35)
[INFO] Join point 'field-set(java.lang.String com.u14n.model.user.bean.UserBean.email)' in Type 'com.u14n.model.user.bean.UserBean' (UserBean.java:56) advised by around advice from 'com.u14n.aspects.bean.PropertyChanges' (PropertyChanges.aj:35)
[INFO] Join point 'field-set(com.u14n.model.person.bean.PersonBean com.u14n.model.user.bean.UserBean.personBean)' in Type 'com.u14n.model.user.bean.UserBean' (UserBean.java:57) advised by around advice from 'com.u14n.aspects.bean.PropertyChanges' (PropertyChanges.aj:35)
[INFO] Join point 'field-set(java.lang.String com.u14n.model.user.bean.UserBean.name)' in Type 'com.u14n.model.user.bean.UserBean' (UserBean.java:73) advised by around advice from 'com.u14n.aspects.bean.PropertyChanges' (PropertyChanges.aj:35)
[INFO] Join point 'field-set(java.lang.String com.u14n.model.user.bean.UserBean.password)' in Type 'com.u14n.model.user.bean.UserBean' (UserBean.java:96) advised by around advice from 'com.u14n.aspects.bean.PropertyChanges' (PropertyChanges.aj:35)
[INFO] Join point 'field-set(java.lang.String com.u14n.model.user.bean.UserBean.email)' in Type 'com.u14n.model.user.bean.UserBean' (UserBean.java:108) advised by around advice from 'com.u14n.aspects.bean.PropertyChanges' (PropertyChanges.aj:35)
[INFO] Join point 'field-set(com.u14n.model.person.bean.PersonBean com.u14n.model.user.bean.UserBean.personBean)' in Type 'com.u14n.model.user.bean.UserBean' (UserBean.java:160) advised by around advice from 'com.u14n.aspects.bean.PropertyChanges' (PropertyChanges.aj:35)
[INFO] Join point 'field-set(com.u14n.model.person.bean.PersonBean com.u14n.model.user.bean.UserBean.personBean)' in Type 'com.u14n.model.user.bean.UserBean' (UserBean.java:168) advised by around advice from 'com.u14n.aspects.bean.PropertyChanges' (PropertyChanges.aj:35)
[INFO] Join point 'field-set(java.util.Collection com.u14n.model.user.bean.UserBean.groupBeans)' in Type 'com.u14n.model.user.bean.UserBean' (UserBean.java:181) advised by around advice from 'com.u14n.aspects.bean.PropertyChanges' (PropertyChanges.aj:35)
[INFO] Join point 'field-set(java.util.Collection com.u14n.model.user.bean.UserBean.groupBeans)' in Type 'com.u14n.model.user.bean.UserBean' (UserBean.java:189) advised by around advice from 'com.u14n.aspects.bean.PropertyChanges' (PropertyChanges.aj:35)
[INFO] 'com.u14n.model.user.bean.GroupBean' (GroupBean.java:14) is annotated with @Observable type annotation from 'com.u14n.model.Observables' (Observables.aj:13)
[INFO] Extending interface set for type 'com.u14n.model.user.bean.GroupBean' (GroupBean.java) to include 'java.io.Serializable' (Serializables.aj)
[INFO] Setting superclass of type 'com.u14n.model.user.bean.GroupBean' (GroupBean.java) to 'com.damnhandy.aspects.bean.JavaBeanMixin' (JavaBeans.aj)
[INFO] Type 'com.u14n.model.user.bean.GroupBean' (GroupBean.java) has intertyped field from 'com.u14n.model.Serializables' (Serializables.aj:'long com.u14n.model.user.bean.GroupBean.serialVersionUID')
[INFO] Join point 'field-set(java.lang.String com.u14n.model.user.bean.GroupBean.name)' in Type 'com.u14n.model.user.bean.GroupBean' (GroupBean.java:21) advised by around advice from 'com.u14n.aspects.bean.PropertyChanges' (PropertyChanges.aj:35)
[INFO] Join point 'field-set(java.lang.String com.u14n.model.user.bean.GroupBean.name)' in Type 'com.u14n.model.user.bean.GroupBean' (GroupBean.java:42) advised by around advice from 'com.u14n.aspects.bean.PropertyChanges' (PropertyChanges.aj:35)
[INFO] Join point 'field-set(java.util.Collection com.u14n.model.user.bean.GroupBean.userBeans)' in Type 'com.u14n.model.user.bean.GroupBean' (GroupBean.java:55) advised by around advice from 'com.u14n.aspects.bean.PropertyChanges' (PropertyChanges.aj:35)
[INFO] Join point 'field-set(java.util.Collection com.u14n.model.user.bean.GroupBean.userBeans)' in Type 'com.u14n.model.user.bean.GroupBean' (GroupBean.java:63) advised by around advice from 'com.u14n.aspects.bean.PropertyChanges' (PropertyChanges.aj:35)
[INFO] 'com.u14n.model.person.bean.PersonBean' (PersonBean.java:15) is annotated with @Observable type annotation from 'com.u14n.model.Observables' (Observables.aj:13)
[INFO] Extending interface set for type 'com.u14n.model.person.bean.PersonBean' (PersonBean.java) to include 'java.io.Serializable' (Serializables.aj)
[INFO] Setting superclass of type 'com.u14n.model.person.bean.PersonBean' (PersonBean.java) to 'com.damnhandy.aspects.bean.JavaBeanMixin' (JavaBeans.aj)
[INFO] Type 'com.u14n.model.person.bean.PersonBean' (PersonBean.java) has intertyped field from 'com.u14n.model.Serializables' (Serializables.aj:'long com.u14n.model.person.bean.PersonBean.serialVersionUID')
[INFO] Join point 'field-set(com.u14n.model.address.bean.SimpleAddressBean com.u14n.model.person.bean.PersonBean.addressBean)' in Type 'com.u14n.model.person.bean.PersonBean' (PersonBean.java:28) advised by around advice from 'com.u14n.aspects.bean.PropertyChanges' (PropertyChanges.aj:35)
[INFO] Join point 'field-set(java.util.Date com.u14n.model.person.bean.PersonBean.dateOfBirth)' in Type 'com.u14n.model.person.bean.PersonBean' (PersonBean.java:29) advised by around advice from 'com.u14n.aspects.bean.PropertyChanges' (PropertyChanges.aj:35)
[INFO] Join point 'field-set(java.lang.String com.u14n.model.person.bean.PersonBean.firstName)' in Type 'com.u14n.model.person.bean.PersonBean' (PersonBean.java:30) advised by around advice from 'com.u14n.aspects.bean.PropertyChanges' (PropertyChanges.aj:35)
[INFO] Join point 'field-set(java.lang.String com.u14n.model.person.bean.PersonBean.lastName)' in Type 'com.u14n.model.person.bean.PersonBean' (PersonBean.java:31) advised by around advice from 'com.u14n.aspects.bean.PropertyChanges' (PropertyChanges.aj:35)
[INFO] Join point 'field-set(java.lang.String com.u14n.model.person.bean.PersonBean.middleName)' in Type 'com.u14n.model.person.bean.PersonBean' (PersonBean.java:32) advised by around advice from 'com.u14n.aspects.bean.PropertyChanges' (PropertyChanges.aj:35)
[INFO] Join point 'field-set(com.u14n.model.address.bean.SimpleAddressBean com.u14n.model.person.bean.PersonBean.addressBean)' in Type 'com.u14n.model.person.bean.PersonBean' (PersonBean.java:41) advised by around advice from 'com.u14n.aspects.bean.PropertyChanges' (PropertyChanges.aj:35)
[INFO] Join point 'field-set(java.util.Date com.u14n.model.person.bean.PersonBean.dateOfBirth)' in Type 'com.u14n.model.person.bean.PersonBean' (PersonBean.java:44) advised by around advice from 'com.u14n.aspects.bean.PropertyChanges' (PropertyChanges.aj:35)
[INFO] Join point 'field-set(java.lang.String com.u14n.model.person.bean.PersonBean.firstName)' in Type 'com.u14n.model.person.bean.PersonBean' (PersonBean.java:47) advised by around advice from 'com.u14n.aspects.bean.PropertyChanges' (PropertyChanges.aj:35)
[INFO] Join point 'field-set(java.lang.String com.u14n.model.person.bean.PersonBean.lastName)' in Type 'com.u14n.model.person.bean.PersonBean' (PersonBean.java:48) advised by around advice from 'com.u14n.aspects.bean.PropertyChanges' (PropertyChanges.aj:35)
[INFO] Join point 'field-set(java.lang.String com.u14n.model.person.bean.PersonBean.middleName)' in Type 'com.u14n.model.person.bean.PersonBean' (PersonBean.java:49) advised by around advice from 'com.u14n.aspects.bean.PropertyChanges' (PropertyChanges.aj:35)
[INFO] Join point 'field-set(java.lang.String com.u14n.model.person.bean.PersonBean.firstName)' in Type 'com.u14n.model.person.bean.PersonBean' (PersonBean.java:62) advised by around advice from 'com.u14n.aspects.bean.PropertyChanges' (PropertyChanges.aj:35)
[INFO] Join point 'field-set(java.lang.String com.u14n.model.person.bean.PersonBean.lastName)' in Type 'com.u14n.model.person.bean.PersonBean' (PersonBean.java:74) advised by around advice from 'com.u14n.aspects.bean.PropertyChanges' (PropertyChanges.aj:35)
[INFO] Join point 'field-set(java.lang.String com.u14n.model.person.bean.PersonBean.middleName)' in Type 'com.u14n.model.person.bean.PersonBean' (PersonBean.java:86) advised by around advice from 'com.u14n.aspects.bean.PropertyChanges' (PropertyChanges.aj:35)
[INFO] Join point 'field-set(java.util.Date com.u14n.model.person.bean.PersonBean.dateOfBirth)' in Type 'com.u14n.model.person.bean.PersonBean' (PersonBean.java:98) advised by around advice from 'com.u14n.aspects.bean.PropertyChanges' (PropertyChanges.aj:35)
[INFO] Join point 'field-set(com.u14n.model.address.bean.SimpleAddressBean com.u14n.model.person.bean.PersonBean.addressBean)' in Type 'com.u14n.model.person.bean.PersonBean' (PersonBean.java:111) advised by around advice from 'com.u14n.aspects.bean.PropertyChanges' (PropertyChanges.aj:35)
[INFO] Join point 'field-set(com.u14n.model.address.bean.SimpleAddressBean com.u14n.model.person.bean.PersonBean.addressBean)' in Type 'com.u14n.model.person.bean.PersonBean' (PersonBean.java:119) advised by around advice from 'com.u14n.aspects.bean.PropertyChanges' (PropertyChanges.aj:35)
[INFO] 'com.u14n.model.user.bean.NewUserBean' (NewUserBean.java:12) is annotated with @Observable type annotation from 'com.u14n.model.Observables' (Observables.aj:13)
[INFO] Join point 'field-set(java.lang.String com.u14n.model.user.bean.NewUserBean.confirmPassword)' in Type 'com.u14n.model.user.bean.NewUserBean' (NewUserBean.java:49) advised by around advice from 'com.u14n.aspects.bean.PropertyChanges' (PropertyChanges.aj:35)
[INFO] 'com.u14n.model.address.bean.SimpleAddressBean' (SimpleAddressBean.java:11) is annotated with @Observable type annotation from 'com.u14n.model.Observables' (Observables.aj:13)
[INFO] Type 'com.u14n.model.address.bean.SimpleAddressBean' (SimpleAddressBean.java) has intertyped field from 'com.u14n.model.Serializables' (Serializables.aj:'long com.u14n.model.address.bean.SimpleAddressBean.serialVersionUID')
[INFO] Join point 'field-set(java.lang.String com.u14n.model.address.bean.SimpleAddressBean.line1)' in Type 'com.u14n.model.address.bean.SimpleAddressBean' (SimpleAddressBean.java:36) advised by around advice from 'com.u14n.aspects.bean.PropertyChanges' (PropertyChanges.aj:35)
[INFO] Join point 'field-set(java.lang.String com.u14n.model.address.bean.SimpleAddressBean.line2)' in Type 'com.u14n.model.address.bean.SimpleAddressBean' (SimpleAddressBean.java:37) advised by around advice from 'com.u14n.aspects.bean.PropertyChanges' (PropertyChanges.aj:35)
[INFO] Join point 'field-set(java.lang.String com.u14n.model.address.bean.SimpleAddressBean.line1)' in Type 'com.u14n.model.address.bean.SimpleAddressBean' (SimpleAddressBean.java:44) advised by around advice from 'com.u14n.aspects.bean.PropertyChanges' (PropertyChanges.aj:35)
[INFO] Join point 'field-set(java.lang.String com.u14n.model.address.bean.SimpleAddressBean.line2)' in Type 'com.u14n.model.address.bean.SimpleAddressBean' (SimpleAddressBean.java:45) advised by around advice from 'com.u14n.aspects.bean.PropertyChanges' (PropertyChanges.aj:35)
[INFO] Join point 'field-set(java.lang.String com.u14n.model.address.bean.SimpleAddressBean.line1)' in Type 'com.u14n.model.address.bean.SimpleAddressBean' (SimpleAddressBean.java:67) advised by around advice from 'com.u14n.aspects.bean.PropertyChanges' (PropertyChanges.aj:35)
[INFO] Join point 'field-set(java.lang.String com.u14n.model.address.bean.SimpleAddressBean.line2)' in Type 'com.u14n.model.address.bean.SimpleAddressBean' (SimpleAddressBean.java:79) advised by around advice from 'com.u14n.aspects.bean.PropertyChanges' (PropertyChanges.aj:35)
[INFO] 'com.u14n.model.address.bean.AddressBean' (AddressBean.java:11) is annotated with @Observable type annotation from 'com.u14n.model.Observables' (Observables.aj:13)
[INFO] Extending interface set for type 'com.u14n.model.address.bean.AddressBean' (AddressBean.java) to include 'java.io.Serializable' (Serializables.aj)
[INFO] Setting superclass of type 'com.u14n.model.address.bean.AddressBean' (AddressBean.java) to 'com.damnhandy.aspects.bean.JavaBeanMixin' (JavaBeans.aj)
[INFO] Join point 'field-set(java.lang.String com.u14n.model.address.bean.AddressBean.description)' in Type 'com.u14n.model.address.bean.AddressBean' (AddressBean.java:32) advised by around advice from 'com.u14n.aspects.bean.PropertyChanges' (PropertyChanges.aj:35)
[INFO] Join point 'field-set(java.lang.String com.u14n.model.address.bean.AddressBean.country)' in Type 'com.u14n.model.address.bean.AddressBean' (AddressBean.java:33) advised by around advice from 'com.u14n.aspects.bean.PropertyChanges' (PropertyChanges.aj:35)
[INFO] Join point 'field-set(java.lang.String com.u14n.model.address.bean.AddressBean.state)' in Type 'com.u14n.model.address.bean.AddressBean' (AddressBean.java:34) advised by around advice from 'com.u14n.aspects.bean.PropertyChanges' (PropertyChanges.aj:35)
[INFO] Join point 'field-set(java.lang.String com.u14n.model.address.bean.AddressBean.city)' in Type 'com.u14n.model.address.bean.AddressBean' (AddressBean.java:35) advised by around advice from 'com.u14n.aspects.bean.PropertyChanges' (PropertyChanges.aj:35)
[INFO] Join point 'field-set(java.lang.String com.u14n.model.address.bean.AddressBean.zipCode)' in Type 'com.u14n.model.address.bean.AddressBean' (AddressBean.java:36) advised by around advice from 'com.u14n.aspects.bean.PropertyChanges' (PropertyChanges.aj:35)
[INFO] Join point 'field-set(java.lang.String com.u14n.model.address.bean.AddressBean.phone)' in Type 'com.u14n.model.address.bean.AddressBean' (AddressBean.java:37) advised by around advice from 'com.u14n.aspects.bean.PropertyChanges' (PropertyChanges.aj:35)
[INFO] Join point 'field-set(java.lang.String com.u14n.model.address.bean.AddressBean.fax)' in Type 'com.u14n.model.address.bean.AddressBean' (AddressBean.java:38) advised by around advice from 'com.u14n.aspects.bean.PropertyChanges' (PropertyChanges.aj:35)
[INFO] Join point 'field-set(java.lang.String com.u14n.model.address.bean.AddressBean.description)' in Type 'com.u14n.model.address.bean.AddressBean' (AddressBean.java:46) advised by around advice from 'com.u14n.aspects.bean.PropertyChanges' (PropertyChanges.aj:35)
[INFO] Join point 'field-set(java.lang.String com.u14n.model.address.bean.AddressBean.country)' in Type 'com.u14n.model.address.bean.AddressBean' (AddressBean.java:47) advised by around advice from 'com.u14n.aspects.bean.PropertyChanges' (PropertyChanges.aj:35)
[INFO] Join point 'field-set(java.lang.String com.u14n.model.address.bean.AddressBean.state)' in Type 'com.u14n.model.address.bean.AddressBean' (AddressBean.java:48) advised by around advice from 'com.u14n.aspects.bean.PropertyChanges' (PropertyChanges.aj:35)
[INFO] Join point 'field-set(java.lang.String com.u14n.model.address.bean.AddressBean.city)' in Type 'com.u14n.model.address.bean.AddressBean' (AddressBean.java:49) advised by around advice from 'com.u14n.aspects.bean.PropertyChanges' (PropertyChanges.aj:35)
[INFO] Join point 'field-set(java.lang.String com.u14n.model.address.bean.AddressBean.zipCode)' in Type 'com.u14n.model.address.bean.AddressBean' (AddressBean.java:50) advised by around advice from 'com.u14n.aspects.bean.PropertyChanges' (PropertyChanges.aj:35)
[INFO] Join point 'field-set(java.lang.String com.u14n.model.address.bean.AddressBean.phone)' in Type 'com.u14n.model.address.bean.AddressBean' (AddressBean.java:51) advised by around advice from 'com.u14n.aspects.bean.PropertyChanges' (PropertyChanges.aj:35)
[INFO] Join point 'field-set(java.lang.String com.u14n.model.address.bean.AddressBean.fax)' in Type 'com.u14n.model.address.bean.AddressBean' (AddressBean.java:52) advised by around advice from 'com.u14n.aspects.bean.PropertyChanges' (PropertyChanges.aj:35)
[INFO] Join point 'field-set(java.lang.String com.u14n.model.address.bean.AddressBean.description)' in Type 'com.u14n.model.address.bean.AddressBean' (AddressBean.java:65) advised by around advice from 'com.u14n.aspects.bean.PropertyChanges' (PropertyChanges.aj:35)
[INFO] Join point 'field-set(java.lang.String com.u14n.model.address.bean.AddressBean.country)' in Type 'com.u14n.model.address.bean.AddressBean' (AddressBean.java:77) advised by around advice from 'com.u14n.aspects.bean.PropertyChanges' (PropertyChanges.aj:35)
[INFO] Join point 'field-set(java.lang.String com.u14n.model.address.bean.AddressBean.state)' in Type 'com.u14n.model.address.bean.AddressBean' (AddressBean.java:89) advised by around advice from 'com.u14n.aspects.bean.PropertyChanges' (PropertyChanges.aj:35)
[INFO] Join point 'field-set(java.lang.String com.u14n.model.address.bean.AddressBean.city)' in Type 'com.u14n.model.address.bean.AddressBean' (AddressBean.java:101) advised by around advice from 'com.u14n.aspects.bean.PropertyChanges' (PropertyChanges.aj:35)
[INFO] Join point 'field-set(java.lang.String com.u14n.model.address.bean.AddressBean.zipCode)' in Type 'com.u14n.model.address.bean.AddressBean' (AddressBean.java:113) advised by around advice from 'com.u14n.aspects.bean.PropertyChanges' (PropertyChanges.aj:35)
[INFO] Join point 'field-set(java.lang.String com.u14n.model.address.bean.AddressBean.phone)' in Type 'com.u14n.model.address.bean.AddressBean' (AddressBean.java:125) advised by around advice from 'com.u14n.aspects.bean.PropertyChanges' (PropertyChanges.aj:35)
[INFO] Join point 'field-set(java.lang.String com.u14n.model.address.bean.AddressBean.fax)' in Type 'com.u14n.model.address.bean.AddressBean' (AddressBean.java:137) advised by around advice from 'com.u14n.aspects.bean.PropertyChanges' (PropertyChanges.aj:35)
[INFO] Preparing surefire-report:report
[INFO] [resources:resources {execution: default-resources}]
[WARNING] Using platform encoding (Cp1252 actually) to copy filtered resources, i.e. build is platform dependent!
[INFO] skip non existing resourceDirectory C:\com.u14n\projects\com.u14n.model\src\main\resources
[INFO] [compiler:compile {execution: default-compile}]
[INFO] Nothing to compile - all classes are up to date
[INFO] [aspectj:compile {execution: compile}]
[INFO] No modifications found skipping aspectJ compile
[INFO] [resources:testResources {execution: default-testResources}]
[WARNING] Using platform encoding (Cp1252 actually) to copy filtered resources, i.e. build is platform dependent!
[INFO] skip non existing resourceDirectory C:\com.u14n\projects\com.u14n.model\src\test\resources
[INFO] [compiler:testCompile {execution: default-testCompile}]
[INFO] Nothing to compile - all classes are up to date
[INFO] [aspectj:test-compile {execution: test-compile}]
[INFO] No modifications found skipping aspectJ compile
[INFO] [surefire:test {execution: default-test}]
[INFO] Surefire report directory: C:\com.u14n\projects\com.u14n.model\target\surefire-reports

-------------------------------------------------------
 T E S T S
-------------------------------------------------------
Running com.u14n.model.user.bean.GroupBeanTest
Tests run: 10, Failures: 0, Errors: 0, Skipped: 0, Time elapsed: 0.08 sec
Running com.u14n.aspects.bean.TestBean
Tests run: 0, Failures: 0, Errors: 0, Skipped: 0, Time elapsed: 0.005 sec
Running com.u14n.model.user.bean.UserBeanTest
Tests run: 20, Failures: 0, Errors: 0, Skipped: 0, Time elapsed: 0.034 sec
Running com.u14n.model.address.bean.SimpleAddressBeanTest
Tests run: 22, Failures: 0, Errors: 0, Skipped: 0, Time elapsed: 0.017 sec
Running com.u14n.aspects.VerbosenessTest
VerbosenessTest.testSyserrAccess()
VerbosenessTest.testSysoutAccess()
Tests run: 2, Failures: 0, Errors: 0, Skipped: 0, Time elapsed: 0.004 sec
Running com.u14n.model.person.bean.PersonBeanTest
Tests run: 14, Failures: 0, Errors: 0, Skipped: 0, Time elapsed: 0.009 sec
Running com.u14n.aspects.bean.TestBeanTest
Tests run: 3, Failures: 0, Errors: 0, Skipped: 0, Time elapsed: 0.007 sec

Results :

Tests run: 71, Failures: 0, Errors: 0, Skipped: 0

[INFO] Preparing surefire-report:report-only
[INFO] No goals needed for project - skipping
[INFO] Preparing findbugs:findbugs
[INFO] [resources:resources {execution: default-resources}]
[WARNING] Using platform encoding (Cp1252 actually) to copy filtered resources, i.e. build is platform dependent!
[INFO] skip non existing resourceDirectory C:\com.u14n\projects\com.u14n.model\src\main\resources
[INFO] [compiler:compile {execution: default-compile}]
[INFO] Nothing to compile - all classes are up to date
[INFO] [aspectj:compile {execution: compile}]
[INFO] No modifications found skipping aspectJ compile
[INFO] Preparing javadoc:javadoc
[INFO] No goals needed for project - skipping
[INFO] Preparing javadoc:aggregate
[INFO] ------------------------------------------------------------------------
[INFO] Building com.u14n.model
[INFO] ------------------------------------------------------------------------
[INFO] No goals needed for project - skipping
[INFO] Preparing javadoc:test-javadoc
[INFO] [resources:resources {execution: default-resources}]
[WARNING] Using platform encoding (Cp1252 actually) to copy filtered resources, i.e. build is platform dependent!
[INFO] skip non existing resourceDirectory C:\com.u14n\projects\com.u14n.model\src\main\resources
[INFO] [compiler:compile {execution: default-compile}]
[INFO] Nothing to compile - all classes are up to date
[INFO] [aspectj:compile {execution: compile}]
[INFO] No modifications found skipping aspectJ compile
[INFO] Preparing javadoc:test-aggregate
[INFO] ------------------------------------------------------------------------
[INFO] Building com.u14n.model
[INFO] ------------------------------------------------------------------------
[INFO] [resources:resources {execution: default-resources}]
[WARNING] Using platform encoding (Cp1252 actually) to copy filtered resources, i.e. build is platform dependent!
[INFO] skip non existing resourceDirectory C:\com.u14n\projects\com.u14n.model\src\main\resources
[INFO] [compiler:compile {execution: default-compile}]
[INFO] Nothing to compile - all classes are up to date
[INFO] [aspectj:compile {execution: compile}]
[INFO] No modifications found skipping aspectJ compile
[INFO] Preparing plugin:report
[INFO] [resources:resources {execution: default-resources}]
[WARNING] Using platform encoding (Cp1252 actually) to copy filtered resources, i.e. build is platform dependent!
[INFO] skip non existing resourceDirectory C:\com.u14n\projects\com.u14n.model\src\main\resources
[INFO] [compiler:compile {execution: default-compile}]
[INFO] Nothing to compile - all classes are up to date
[INFO] [aspectj:compile {execution: compile}]
[INFO] No modifications found skipping aspectJ compile
[INFO] [site:site {execution: default-site}]
[ERROR] The Trac Report only supports Trac.  No Trac Report will be generated.
[WARNING] Error loading report org.apache.maven.plugin.jxr.JxrReport - AbstractMethodError: canGenerateReport()
[INFO] Skipped "Maven Surefire Report" report, file "surefire-report.html" already exists for the English version.
[INFO] Skipped "JavaDocs" report, file "apidocs/index.html" already exists for the English version.
[INFO] Skipped "Test JavaDocs" report, file "testapidocs/index.html" already exists for the English version.
[INFO] Generating "Project Team" report.
[INFO] Generating "PMD Report" report.
[INFO] Generating "Continuous Integration" report.
[INFO] Generating "Dependencies" report.
[WARNING] The repository url 'http://snapshots.maven.codehaus.org/maven2' is invalid - Repository 'snapshots' will be blacklisted.
[INFO] Generating "Plugin Management" report.
[INFO] Generating "Mailing Lists" report.
[INFO] Generating "Source Repository" report.
[INFO] Generating "Tag List" report.
[WARNING] File encoding has not been set, using platform encoding Cp1252, i.e. build is platform dependent!
[WARNING] Using legacy tag format.  This is not recommended.
[ERROR] Taglist plugin MUST be executed after the JXR plugin.  No links to xref were generated.
[WARNING] Unable to locate Source XRef to link to - DISABLED
[WARNING] Could not save taglist xml file: charsetName
[INFO] Generating "Test JavaDocs" report.
[WARNING] Source files encoding has not been set, using platform encoding Cp1252, i.e. build is platform dependent!
[INFO] 
Loading source files for package com.u14n.model.address.bean...
Loading source files for package com.u14n.model.person.bean...
Loading source files for package com.u14n.model.user.bean...
Constructing Javadoc information...
Standard Doclet version 1.6.0_17
Building tree for all the packages and classes...
Generating C:/com.u14n/projects/com.u14n.model/target/site/testapidocs\com/u14n/model/address/bean/\AddressBeanTest.html...
Generating C:/com.u14n/projects/com.u14n.model/target/site/testapidocs\com/u14n/model/address/bean/\SimpleAddressBeanTest.html...
Generating C:/com.u14n/projects/com.u14n.model/target/site/testapidocs\com/u14n/model/person/bean/\PersonBeanTest.html...
Generating C:/com.u14n/projects/com.u14n.model/target/site/testapidocs\com/u14n/model/user/bean/\GroupBeanTest.html...
Generating C:/com.u14n/projects/com.u14n.model/target/site/testapidocs\com/u14n/model/user/bean/\UserBeanTest.html...
Generating C:/com.u14n/projects/com.u14n.model/target/site/testapidocs\overview-frame.html...
Generating C:/com.u14n/projects/com.u14n.model/target/site/testapidocs\com/u14n/model/address/bean/\package-frame.html...
Generating C:/com.u14n/projects/com.u14n.model/target/site/testapidocs\com/u14n/model/address/bean/\package-summary.html...
Generating C:/com.u14n/projects/com.u14n.model/target/site/testapidocs\com/u14n/model/address/bean/\package-tree.html...
Generating C:/com.u14n/projects/com.u14n.model/target/site/testapidocs\com/u14n/model/person/bean/\package-frame.html...
Generating C:/com.u14n/projects/com.u14n.model/target/site/testapidocs\com/u14n/model/person/bean/\package-summary.html...
Generating C:/com.u14n/projects/com.u14n.model/target/site/testapidocs\com/u14n/model/person/bean/\package-tree.html...
Generating C:/com.u14n/projects/com.u14n.model/target/site/testapidocs\com/u14n/model/user/bean/\package-frame.html...
Generating C:/com.u14n/projects/com.u14n.model/target/site/testapidocs\com/u14n/model/user/bean/\package-summary.html...
Generating C:/com.u14n/projects/com.u14n.model/target/site/testapidocs\com/u14n/model/user/bean/\package-tree.html...
Generating C:/com.u14n/projects/com.u14n.model/target/site/testapidocs\constant-values.html...
Generating C:/com.u14n/projects/com.u14n.model/target/site/testapidocs\com/u14n/model/address/bean/\class-use\SimpleAddressBeanTest.html...
Generating C:/com.u14n/projects/com.u14n.model/target/site/testapidocs\com/u14n/model/address/bean/\class-use\AddressBeanTest.html...
Generating C:/com.u14n/projects/com.u14n.model/target/site/testapidocs\com/u14n/model/person/bean/\class-use\PersonBeanTest.html...
Generating C:/com.u14n/projects/com.u14n.model/target/site/testapidocs\com/u14n/model/user/bean/\class-use\UserBeanTest.html...
Generating C:/com.u14n/projects/com.u14n.model/target/site/testapidocs\com/u14n/model/user/bean/\class-use\GroupBeanTest.html...
Generating C:/com.u14n/projects/com.u14n.model/target/site/testapidocs\com/u14n/model/address/bean/\package-use.html...
Generating C:/com.u14n/projects/com.u14n.model/target/site/testapidocs\com/u14n/model/person/bean/\package-use.html...
Generating C:/com.u14n/projects/com.u14n.model/target/site/testapidocs\com/u14n/model/user/bean/\package-use.html...
Building index for all the packages and classes...
Generating C:/com.u14n/projects/com.u14n.model/target/site/testapidocs\overview-tree.html...
Generating C:/com.u14n/projects/com.u14n.model/target/site/testapidocs\index-all.html...
Generating C:/com.u14n/projects/com.u14n.model/target/site/testapidocs\deprecated-list.html...
Building index for all classes...
Generating C:/com.u14n/projects/com.u14n.model/target/site/testapidocs\allclasses-frame.html...
Generating C:/com.u14n/projects/com.u14n.model/target/site/testapidocs\allclasses-noframe.html...
Generating C:/com.u14n/projects/com.u14n.model/target/site/testapidocs\index.html...
Generating C:/com.u14n/projects/com.u14n.model/target/site/testapidocs\overview-summary.html...
Generating C:/com.u14n/projects/com.u14n.model/target/site/testapidocs\stylesheet.css...
2 warnings
[WARNING] Javadoc Warnings
[WARNING] C:\com.u14n\projects\com.u14n.model\src\test\java\com\u14n\model\address\bean\SimpleAddressBeanTest.java:49: warning - Tag @link: can't find SimpleAddressBean(java.lang.String, java.lang.String, java.lang.String, java.lang.String, java.lang.String, java.lang.String, java.lang.String, java.lang.String) in com.u14n.model.address.bean.SimpleAddressBean
[WARNING] C:\com.u14n\projects\com.u14n.model\src\test\java\com\u14n\model\user\bean\UserBeanTest.java:291: warning - Tag @link: can't find equals() in com.u14n.model.user.bean.UserBean
[INFO] Generating "JavaDocs" report.
[WARNING] Source files encoding has not been set, using platform encoding Cp1252, i.e. build is platform dependent!
[INFO] 
Loading source files for package com.u14n.model.address...
Loading source files for package com.u14n.model.address.bean...
Loading source files for package com.u14n.model.country...
Loading source files for package com.u14n.model.dao...
Loading source files for package com.u14n.model.person.bean...
Loading source files for package com.u14n.model.person...
Loading source files for package com.u14n.model.state...
Loading source files for package com.u14n.model.user.bean...
Loading source files for package com.u14n.model.user...
Constructing Javadoc information...
Standard Doclet version 1.6.0_17
Building tree for all the packages and classes...
Generating C:/com.u14n/projects/com.u14n.model/target/site/apidocs\com/u14n/model/address/\Address.html...
Generating C:/com.u14n/projects/com.u14n.model/target/site/apidocs\com/u14n/model/address/\DetailedAddress.html...
Generating C:/com.u14n/projects/com.u14n.model/target/site/apidocs\com/u14n/model/address/\SimpleAddress.html...
Generating C:/com.u14n/projects/com.u14n.model/target/site/apidocs\com/u14n/model/address/\SimpleAddressDAO.html...
Generating C:/com.u14n/projects/com.u14n.model/target/site/apidocs\com/u14n/model/address/bean/\AddressBean.html...
Generating C:/com.u14n/projects/com.u14n.model/target/site/apidocs\com/u14n/model/address/bean/\DetailedAddressBean.html...
Generating C:/com.u14n/projects/com.u14n.model/target/site/apidocs\com/u14n/model/address/bean/\SimpleAddressBean.html...
Generating C:/com.u14n/projects/com.u14n.model/target/site/apidocs\com/u14n/model/country/\Country.html...
Generating C:/com.u14n/projects/com.u14n.model/target/site/apidocs\com/u14n/model/country/\CountryComparator.html...
Generating C:/com.u14n/projects/com.u14n.model/target/site/apidocs\com/u14n/model/country/\CountryModel.html...
Generating C:/com.u14n/projects/com.u14n.model/target/site/apidocs\com/u14n/model/country/\LocaleCountry.html...
Generating C:/com.u14n/projects/com.u14n.model/target/site/apidocs\com/u14n/model/dao/\DAOException.html...
Generating C:/com.u14n/projects/com.u14n.model/target/site/apidocs\com/u14n/model/person/bean/\PersonBean.html...
Generating C:/com.u14n/projects/com.u14n.model/target/site/apidocs\com/u14n/model/person/\Person.html...
Generating C:/com.u14n/projects/com.u14n.model/target/site/apidocs\com/u14n/model/person/\PersonDAO.html...
Generating C:/com.u14n/projects/com.u14n.model/target/site/apidocs\com/u14n/model/state/\State.html...
Generating C:/com.u14n/projects/com.u14n.model/target/site/apidocs\com/u14n/model/state/\StateModel.html...
Generating C:/com.u14n/projects/com.u14n.model/target/site/apidocs\com/u14n/model/state/\StateModel.StateGlyph.html...
Generating C:/com.u14n/projects/com.u14n.model/target/site/apidocs\com/u14n/model/user/bean/\GroupBean.html...
Generating C:/com.u14n/projects/com.u14n.model/target/site/apidocs\com/u14n/model/user/bean/\NewUserBean.html...
Generating C:/com.u14n/projects/com.u14n.model/target/site/apidocs\com/u14n/model/user/bean/\NewUserBean.Flat.html...
Generating C:/com.u14n/projects/com.u14n.model/target/site/apidocs\com/u14n/model/user/bean/\UserBean.html...
Generating C:/com.u14n/projects/com.u14n.model/target/site/apidocs\com/u14n/model/user/\Group.html...
Generating C:/com.u14n/projects/com.u14n.model/target/site/apidocs\com/u14n/model/user/\User.html...
Generating C:/com.u14n/projects/com.u14n.model/target/site/apidocs\com/u14n/model/user/\UserDAO.html...
Generating C:/com.u14n/projects/com.u14n.model/target/site/apidocs\overview-frame.html...
Generating C:/com.u14n/projects/com.u14n.model/target/site/apidocs\com/u14n/model/address/\package-frame.html...
Generating C:/com.u14n/projects/com.u14n.model/target/site/apidocs\com/u14n/model/address/\package-summary.html...
Generating C:/com.u14n/projects/com.u14n.model/target/site/apidocs\com/u14n/model/address/\package-tree.html...
Generating C:/com.u14n/projects/com.u14n.model/target/site/apidocs\com/u14n/model/address/bean/\package-frame.html...
Generating C:/com.u14n/projects/com.u14n.model/target/site/apidocs\com/u14n/model/address/bean/\package-summary.html...
Generating C:/com.u14n/projects/com.u14n.model/target/site/apidocs\com/u14n/model/address/bean/\package-tree.html...
Generating C:/com.u14n/projects/com.u14n.model/target/site/apidocs\com/u14n/model/country/\package-frame.html...
Generating C:/com.u14n/projects/com.u14n.model/target/site/apidocs\com/u14n/model/country/\package-summary.html...
Generating C:/com.u14n/projects/com.u14n.model/target/site/apidocs\com/u14n/model/country/\package-tree.html...
Generating C:/com.u14n/projects/com.u14n.model/target/site/apidocs\com/u14n/model/dao/\package-frame.html...
Generating C:/com.u14n/projects/com.u14n.model/target/site/apidocs\com/u14n/model/dao/\package-summary.html...
Generating C:/com.u14n/projects/com.u14n.model/target/site/apidocs\com/u14n/model/dao/\package-tree.html...
Generating C:/com.u14n/projects/com.u14n.model/target/site/apidocs\com/u14n/model/person/\package-frame.html...
Generating C:/com.u14n/projects/com.u14n.model/target/site/apidocs\com/u14n/model/person/\package-summary.html...
Generating C:/com.u14n/projects/com.u14n.model/target/site/apidocs\com/u14n/model/person/\package-tree.html...
Generating C:/com.u14n/projects/com.u14n.model/target/site/apidocs\com/u14n/model/person/bean/\package-frame.html...
Generating C:/com.u14n/projects/com.u14n.model/target/site/apidocs\com/u14n/model/person/bean/\package-summary.html...
Generating C:/com.u14n/projects/com.u14n.model/target/site/apidocs\com/u14n/model/person/bean/\package-tree.html...
Generating C:/com.u14n/projects/com.u14n.model/target/site/apidocs\com/u14n/model/state/\package-frame.html...
Generating C:/com.u14n/projects/com.u14n.model/target/site/apidocs\com/u14n/model/state/\package-summary.html...
Generating C:/com.u14n/projects/com.u14n.model/target/site/apidocs\com/u14n/model/state/\package-tree.html...
Generating C:/com.u14n/projects/com.u14n.model/target/site/apidocs\com/u14n/model/user/\package-frame.html...
Generating C:/com.u14n/projects/com.u14n.model/target/site/apidocs\com/u14n/model/user/\package-summary.html...
Generating C:/com.u14n/projects/com.u14n.model/target/site/apidocs\com/u14n/model/user/\package-tree.html...
Generating C:/com.u14n/projects/com.u14n.model/target/site/apidocs\com/u14n/model/user/bean/\package-frame.html...
Generating C:/com.u14n/projects/com.u14n.model/target/site/apidocs\com/u14n/model/user/bean/\package-summary.html...
Generating C:/com.u14n/projects/com.u14n.model/target/site/apidocs\com/u14n/model/user/bean/\package-tree.html...
Generating C:/com.u14n/projects/com.u14n.model/target/site/apidocs\constant-values.html...
Generating C:/com.u14n/projects/com.u14n.model/target/site/apidocs\serialized-form.html...
Generating C:/com.u14n/projects/com.u14n.model/target/site/apidocs\com/u14n/model/address/\class-use\SimpleAddressDAO.html...
Generating C:/com.u14n/projects/com.u14n.model/target/site/apidocs\com/u14n/model/address/\class-use\SimpleAddress.html...
Generating C:/com.u14n/projects/com.u14n.model/target/site/apidocs\com/u14n/model/address/\class-use\DetailedAddress.html...
Generating C:/com.u14n/projects/com.u14n.model/target/site/apidocs\com/u14n/model/address/\class-use\Address.html...
Generating C:/com.u14n/projects/com.u14n.model/target/site/apidocs\com/u14n/model/address/bean/\class-use\SimpleAddressBean.html...
Generating C:/com.u14n/projects/com.u14n.model/target/site/apidocs\com/u14n/model/address/bean/\class-use\DetailedAddressBean.html...
Generating C:/com.u14n/projects/com.u14n.model/target/site/apidocs\com/u14n/model/address/bean/\class-use\AddressBean.html...
Generating C:/com.u14n/projects/com.u14n.model/target/site/apidocs\com/u14n/model/country/\class-use\LocaleCountry.html...
Generating C:/com.u14n/projects/com.u14n.model/target/site/apidocs\com/u14n/model/country/\class-use\CountryModel.html...
Generating C:/com.u14n/projects/com.u14n.model/target/site/apidocs\com/u14n/model/country/\class-use\CountryComparator.html...
Generating C:/com.u14n/projects/com.u14n.model/target/site/apidocs\com/u14n/model/country/\class-use\Country.html...
Generating C:/com.u14n/projects/com.u14n.model/target/site/apidocs\com/u14n/model/dao/\class-use\DAOException.html...
Generating C:/com.u14n/projects/com.u14n.model/target/site/apidocs\com/u14n/model/person/bean/\class-use\PersonBean.html...
Generating C:/com.u14n/projects/com.u14n.model/target/site/apidocs\com/u14n/model/person/\class-use\PersonDAO.html...
Generating C:/com.u14n/projects/com.u14n.model/target/site/apidocs\com/u14n/model/person/\class-use\Person.html...
Generating C:/com.u14n/projects/com.u14n.model/target/site/apidocs\com/u14n/model/state/\class-use\StateModel.html...
Generating C:/com.u14n/projects/com.u14n.model/target/site/apidocs\com/u14n/model/state/\class-use\StateModel.StateGlyph.html...
Generating C:/com.u14n/projects/com.u14n.model/target/site/apidocs\com/u14n/model/state/\class-use\State.html...
Generating C:/com.u14n/projects/com.u14n.model/target/site/apidocs\com/u14n/model/user/bean/\class-use\UserBean.html...
Generating C:/com.u14n/projects/com.u14n.model/target/site/apidocs\com/u14n/model/user/bean/\class-use\NewUserBean.html...
Generating C:/com.u14n/projects/com.u14n.model/target/site/apidocs\com/u14n/model/user/bean/\class-use\NewUserBean.Flat.html...
Generating C:/com.u14n/projects/com.u14n.model/target/site/apidocs\com/u14n/model/user/bean/\class-use\GroupBean.html...
Generating C:/com.u14n/projects/com.u14n.model/target/site/apidocs\com/u14n/model/user/\class-use\UserDAO.html...
Generating C:/com.u14n/projects/com.u14n.model/target/site/apidocs\com/u14n/model/user/\class-use\User.html...
Generating C:/com.u14n/projects/com.u14n.model/target/site/apidocs\com/u14n/model/user/\class-use\Group.html...
Generating C:/com.u14n/projects/com.u14n.model/target/site/apidocs\com/u14n/model/address/\package-use.html...
Generating C:/com.u14n/projects/com.u14n.model/target/site/apidocs\com/u14n/model/address/bean/\package-use.html...
Generating C:/com.u14n/projects/com.u14n.model/target/site/apidocs\com/u14n/model/country/\package-use.html...
Generating C:/com.u14n/projects/com.u14n.model/target/site/apidocs\com/u14n/model/dao/\package-use.html...
Generating C:/com.u14n/projects/com.u14n.model/target/site/apidocs\com/u14n/model/person/\package-use.html...
Generating C:/com.u14n/projects/com.u14n.model/target/site/apidocs\com/u14n/model/person/bean/\package-use.html...
Generating C:/com.u14n/projects/com.u14n.model/target/site/apidocs\com/u14n/model/state/\package-use.html...
Generating C:/com.u14n/projects/com.u14n.model/target/site/apidocs\com/u14n/model/user/\package-use.html...
Generating C:/com.u14n/projects/com.u14n.model/target/site/apidocs\com/u14n/model/user/bean/\package-use.html...
Building index for all the packages and classes...
Generating C:/com.u14n/projects/com.u14n.model/target/site/apidocs\overview-tree.html...
Generating C:/com.u14n/projects/com.u14n.model/target/site/apidocs\index-all.html...
Generating C:/com.u14n/projects/com.u14n.model/target/site/apidocs\deprecated-list.html...
Building index for all classes...
Generating C:/com.u14n/projects/com.u14n.model/target/site/apidocs\allclasses-frame.html...
Generating C:/com.u14n/projects/com.u14n.model/target/site/apidocs\allclasses-noframe.html...
Generating C:/com.u14n/projects/com.u14n.model/target/site/apidocs\index.html...
Generating C:/com.u14n/projects/com.u14n.model/target/site/apidocs\overview-summary.html...
Generating C:/com.u14n/projects/com.u14n.model/target/site/apidocs\stylesheet.css...
37 warnings
[WARNING] Javadoc Warnings
[WARNING] C:\com.u14n\projects\com.u14n.model\src\main\java\com\u14n\model\address\SimpleAddressDAO.java:31: warning - @return tag has no arguments.
[WARNING] C:\com.u14n\projects\com.u14n.model\src\main\java\com\u14n\model\address\SimpleAddressDAO.java:22: warning - @return tag has no arguments.
[WARNING] C:\com.u14n\projects\com.u14n.model\src\main\java\com\u14n\model\address\SimpleAddressDAO.java:27: warning - @return tag has no arguments.
[WARNING] C:\com.u14n\projects\com.u14n.model\src\main\java\com\u14n\model\address\SimpleAddressDAO.java:17: warning - @param argument "SimpleAddress" is not a parameter name.
[WARNING] C:\com.u14n\projects\com.u14n.model\src\main\java\com\u14n\model\address\SimpleAddressDAO.java:27: warning - @param argument "lastName" is not a parameter name.
[WARNING] C:\com.u14n\projects\com.u14n.model\src\main\java\com\u14n\model\address\SimpleAddressDAO.java:35: warning - @param argument "SimpleAddress" is not a parameter name.
[WARNING] C:\com.u14n\projects\com.u14n.model\src\main\java\com\u14n\model\address\SimpleAddressDAO.java:39: warning - @param argument "SimpleAddress" is not a parameter name.
[WARNING] C:\com.u14n\projects\com.u14n.model\src\main\java\com\u14n\model\country\Country.java:17: warning - @return tag has no arguments.
[WARNING] C:\com.u14n\projects\com.u14n.model\src\main\java\com\u14n\model\country\Country.java:21: warning - @return tag has no arguments.
[WARNING] C:\com.u14n\projects\com.u14n.model\src\main\java\com\u14n\model\country\CountryComparator.java:32: warning - @return tag has no arguments.
[WARNING] C:\com.u14n\projects\com.u14n.model\src\main\java\com\u14n\model\person\bean\PersonBean.java:109: warning - @return tag has no arguments.
[WARNING] C:\com.u14n\projects\com.u14n.model\src\main\java\com\u14n\model\person\PersonDAO.java:31: warning - @return tag has no arguments.
[WARNING] C:\com.u14n\projects\com.u14n.model\src\main\java\com\u14n\model\person\PersonDAO.java:22: warning - @return tag has no arguments.
[WARNING] C:\com.u14n\projects\com.u14n.model\src\main\java\com\u14n\model\person\PersonDAO.java:27: warning - @return tag has no arguments.
[WARNING] C:\com.u14n\projects\com.u14n.model\src\main\java\com\u14n\model\person\PersonDAO.java:17: warning - @param argument "Person" is not a parameter name.
[WARNING] C:\com.u14n\projects\com.u14n.model\src\main\java\com\u14n\model\person\PersonDAO.java:27: warning - @param argument "lastName" is not a parameter name.
[WARNING] C:\com.u14n\projects\com.u14n.model\src\main\java\com\u14n\model\person\PersonDAO.java:35: warning - @param argument "Person" is not a parameter name.
[WARNING] C:\com.u14n\projects\com.u14n.model\src\main\java\com\u14n\model\person\PersonDAO.java:39: warning - @param argument "Person" is not a parameter name.
[WARNING] C:\com.u14n\projects\com.u14n.model\src\main\java\com\u14n\model\state\State.java:21: warning - @return tag has no arguments.
[WARNING] C:\com.u14n\projects\com.u14n.model\src\main\java\com\u14n\model\state\State.java:17: warning - @return tag has no arguments.
[WARNING] C:\com.u14n\projects\com.u14n.model\src\main\java\com\u14n\model\state\StateModel.java:30: warning - @return tag has no arguments.
[WARNING] C:\com.u14n\projects\com.u14n.model\src\main\java\com\u14n\model\user\bean\GroupBean.java:53: warning - @return tag has no arguments.
[WARNING] C:\com.u14n\projects\com.u14n.model\src\main\java\com\u14n\model\user\bean\NewUserBean.java:42: warning - @return tag has no arguments.
[WARNING] C:\com.u14n\projects\com.u14n.model\src\main\java\com\u14n\model\user\bean\NewUserBean.java:23: warning - @param argument "password" is not a parameter name.
[WARNING] C:\com.u14n\projects\com.u14n.model\src\main\java\com\u14n\model\user\bean\NewUserBean.java:279: warning - @return tag has no arguments.
[WARNING] C:\com.u14n\projects\com.u14n.model\src\main\java\com\u14n\model\user\bean\UserBean.java:179: warning - @return tag has no arguments.
[WARNING] C:\com.u14n\projects\com.u14n.model\src\main\java\com\u14n\model\user\User.java:45: warning - @return tag has no arguments.
[WARNING] C:\com.u14n\projects\com.u14n.model\src\main\java\com\u14n\model\user\bean\UserBean.java:158: warning - @return tag has no arguments.
[WARNING] C:\com.u14n\projects\com.u14n.model\src\main\java\com\u14n\model\user\bean\UserBean.java:30: warning - @param argument "password" is not a parameter name.
[WARNING] C:\com.u14n\projects\com.u14n.model\src\main\java\com\u14n\model\user\User.java:41: warning - @param argument "eMail" is not a parameter name.
[WARNING] C:\com.u14n\projects\com.u14n.model\src\main\java\com\u14n\model\user\UserDAO.java:31: warning - @return tag has no arguments.
[WARNING] C:\com.u14n\projects\com.u14n.model\src\main\java\com\u14n\model\user\UserDAO.java:22: warning - @return tag has no arguments.
[WARNING] C:\com.u14n\projects\com.u14n.model\src\main\java\com\u14n\model\user\UserDAO.java:27: warning - @return tag has no arguments.
[WARNING] C:\com.u14n\projects\com.u14n.model\src\main\java\com\u14n\model\user\UserDAO.java:17: warning - @param argument "User" is not a parameter name.
[WARNING] C:\com.u14n\projects\com.u14n.model\src\main\java\com\u14n\model\user\UserDAO.java:27: warning - @param argument "lastName" is not a parameter name.
[WARNING] C:\com.u14n\projects\com.u14n.model\src\main\java\com\u14n\model\user\UserDAO.java:35: warning - @param argument "User" is not a parameter name.
[WARNING] C:\com.u14n\projects\com.u14n.model\src\main\java\com\u14n\model\user\UserDAO.java:39: warning - @param argument "User" is not a parameter name.
[INFO] Generating "CPD Report" report.
[INFO] Generating "DashBoard Report" report.
[INFO] MultiReportMojo project = com.u14n.model
[INFO] MultiReportMojo nb modules = 0
[INFO] MultiReportMojo base directory = C:\com.u14n\projects\com.u14n.model
[INFO] MultiReportMojo output directory = C:\com.u14n\projects\com.u14n.model\target\site
[INFO] MultiReportMojo report output directory = C:\com.u14n\projects\com.u14n.model\target\site
[INFO] MultiReportMojo project language = java
Cobertura: Loaded information on 32 classes.
[Fatal Error] :1:1: Premature end of file.
[ERROR] DashBoardUtils getDocument() SAXException : 
org.xml.sax.SAXParseException: Premature end of file.
	at com.sun.org.apache.xerces.internal.parsers.DOMParser.parse(DOMParser.java:239)
	at com.sun.org.apache.xerces.internal.jaxp.DocumentBuilderImpl.parse(DocumentBuilderImpl.java:283)
	at org.codehaus.mojo.dashboard.report.plugin.DashBoardUtils.getDocument(DashBoardUtils.java:886)
	at org.codehaus.mojo.dashboard.report.plugin.DashBoardUtils.getTaglistReport(DashBoardUtils.java:834)
	at org.codehaus.mojo.dashboard.report.plugin.DashBoardUtils.getDashBoardMavenProject(DashBoardUtils.java:308)
	at org.codehaus.mojo.dashboard.report.plugin.DashBoardReportMojo.executeReport(DashBoardReportMojo.java:280)
	at org.apache.maven.reporting.AbstractMavenReport.generate(AbstractMavenReport.java:98)
	at org.apache.maven.plugins.site.ReportDocumentRenderer.renderDocument(ReportDocumentRenderer.java:139)
	at org.apache.maven.doxia.siterenderer.DefaultSiteRenderer.renderModule(DefaultSiteRenderer.java:269)
	at org.apache.maven.doxia.siterenderer.DefaultSiteRenderer.render(DefaultSiteRenderer.java:101)
	at org.apache.maven.plugins.site.SiteMojo.renderLocale(SiteMojo.java:133)
	at org.apache.maven.plugins.site.SiteMojo.execute(SiteMojo.java:100)
	at org.apache.maven.plugin.DefaultPluginManager.executeMojo(DefaultPluginManager.java:490)
	at org.apache.maven.lifecycle.DefaultLifecycleExecutor.executeGoals(DefaultLifecycleExecutor.java:694)
	at org.apache.maven.lifecycle.DefaultLifecycleExecutor.executeGoalWithLifecycle(DefaultLifecycleExecutor.java:556)
	at org.apache.maven.lifecycle.DefaultLifecycleExecutor.executeGoal(DefaultLifecycleExecutor.java:535)
	at org.apache.maven.lifecycle.DefaultLifecycleExecutor.executeGoalAndHandleFailures(DefaultLifecycleExecutor.java:387)
	at org.apache.maven.lifecycle.DefaultLifecycleExecutor.executeTaskSegments(DefaultLifecycleExecutor.java:348)
	at org.apache.maven.lifecycle.DefaultLifecycleExecutor.execute(DefaultLifecycleExecutor.java:180)
	at org.apache.maven.DefaultMaven.doExecute(DefaultMaven.java:328)
	at org.apache.maven.DefaultMaven.execute(DefaultMaven.java:138)
	at org.apache.maven.cli.MavenCli.main(MavenCli.java:362)
	at org.apache.maven.cli.compat.CompatibleMain.main(CompatibleMain.java:60)
	at sun.reflect.NativeMethodAccessorImpl.invoke0(Native Method)
	at sun.reflect.NativeMethodAccessorImpl.invoke(NativeMethodAccessorImpl.java:39)
	at sun.reflect.DelegatingMethodAccessorImpl.invoke(DelegatingMethodAccessorImpl.java:25)
	at java.lang.reflect.Method.invoke(Method.java:597)
	at org.codehaus.classworlds.Launcher.launchEnhanced(Launcher.java:315)
	at org.codehaus.classworlds.Launcher.launch(Launcher.java:255)
	at org.codehaus.classworlds.Launcher.mainWithExitCode(Launcher.java:430)
	at org.codehaus.classworlds.Launcher.main(Launcher.java:375)
[INFO] Generating "Issue Tracking" report.
[INFO] Generating "JIRA Report" report.
[INFO] Downloading from JIRA at: http://5.78.238.165:8080/secure/IssueNavigator.jspa?view=rss&pid=10000&statusIds=6&resolutionIds=1&sorter/field=created&sorter/order=DESC&sorter/field=priority&sorter/order=DESC&tempMax=100&reset=true&decorator=none
[WARNING] Downloading from JIRA failed. Received: [400]
[INFO] Generating "aspectJ" report.
[INFO] Starting generating ajdoc
> Calling ajc...
[warning] bad version number found in C:\Users\Klaus Wenger\.m2\repository\org\aspectj\aspectjrt\1.6.7\aspectjrt-1.6.7.jar expected 1.6.5 found 1.6.7
	
C:\com.u14n\projects\com.u14n.aspects\src\main\aspect\com\u14n\aspects\bean\PropertyChanges.aj:37 [warning] Domain integrity violation
thisJoinPoint.getSignature();
^^^^^^^^^^^^^^^^^^^^^^^^^^^^^
	method-call(org.aspectj.lang.Signature org.aspectj.lang.JoinPoint$StaticPart.getSignature())
	see also: C:\com.u14n\projects\com.u14n.model\src\main\aspect\com\u14n\model\DomainIntegrity.aj:21::0
C:\com.u14n\projects\com.u14n.aspects\src\main\aspect\com\u14n\aspects\bean\PropertyChanges.aj:38 [warning] Domain integrity violation
Field field = fieldSignature.getField();
^^^^^^^^^^^^^^^^^^^^^^^^^^^^^^^^^^^^^^^^
	method-call(java.lang.reflect.Field org.aspectj.lang.reflect.FieldSignature.getField())
	see also: C:\com.u14n\projects\com.u14n.model\src\main\aspect\com\u14n\model\DomainIntegrity.aj:21::0
C:\com.u14n\projects\com.u14n.aspects\src\main\aspect\com\u14n\aspects\bean\PropertyChanges.aj:39 [warning] Domain integrity violation
String fieldName = fieldSignature.getName();
^^^^^^^^^^^^^^^^^^^^^^^^^^^^^^^^^^^^^^^^^^^^
	method-call(java.lang.String org.aspectj.lang.reflect.FieldSignature.getName())
	see also: C:\com.u14n\projects\com.u14n.model\src\main\aspect\com\u14n\model\DomainIntegrity.aj:21::0
C:\com.u14n\projects\com.u14n.aspects\src\main\aspect\com\u14n\aspects\bean\PropertyChanges.aj:40 [warning] Domain integrity violation
if (isBound(field)) {
^^^^^^^^^^^^^^^^^^^^^
	method-call(boolean com.u14n.aspects.bean.PropertyChanges.isBound(java.lang.reflect.Field))
	see also: C:\com.u14n\projects\com.u14n.model\src\main\aspect\com\u14n\model\DomainIntegrity.aj:21::0
C:\com.u14n\projects\com.u14n.aspects\src\main\aspect\com\u14n\aspects\bean\PropertyChanges.aj:42 [warning] Domain integrity violation
Object before = field.get(javaBean);
^^^^^^^^^^^^^^^^^^^^^^^^^^^^^^^^^^^^
	method-call(java.lang.Object java.lang.reflect.Field.get(java.lang.Object))
	see also: C:\com.u14n\projects\com.u14n.model\src\main\aspect\com\u14n\model\DomainIntegrity.aj:21::0
C:\com.u14n\projects\com.u14n.aspects\src\main\aspect\com\u14n\aspects\bean\PropertyChanges.aj:43 [warning] Domain integrity violation
if (isConstrained(field)) {
^^^^^^^^^^^^^^^^^^^^^^^^^^^
	method-call(boolean com.u14n.aspects.bean.PropertyChanges.isConstrained(java.lang.reflect.Field))
	see also: C:\com.u14n\projects\com.u14n.model\src\main\aspect\com\u14n\model\DomainIntegrity.aj:21::0
C:\com.u14n\projects\com.u14n.aspects\src\main\aspect\com\u14n\aspects\bean\PropertyChanges.aj:44 [warning] Domain integrity violation
this.fireVetoableChange(before, value, fieldName, javaBean);
^^^^^^^^^^^^^^^^^^^^^^^^^^^^^^^^^^^^^^^^^^^^^^^^^^^^^^^^^^^^
	method-call(void com.u14n.aspects.bean.PropertyChanges.fireVetoableChange(java.lang.Object, java.lang.Object, java.lang.String, com.damnhandy.aspects.bean.JavaBean))
	see also: C:\com.u14n\projects\com.u14n.model\src\main\aspect\com\u14n\model\DomainIntegrity.aj:21::0
C:\com.u14n\projects\com.u14n.aspects\src\main\aspect\com\u14n\aspects\bean\PropertyChanges.aj:47 [warning] Domain integrity violation
this.firePropertyChange(before, result, fieldName, javaBean);
^^^^^^^^^^^^^^^^^^^^^^^^^^^^^^^^^^^^^^^^^^^^^^^^^^^^^^^^^^^^^
	method-call(void com.u14n.aspects.bean.PropertyChanges.firePropertyChange(java.lang.Object, java.lang.Object, java.lang.String, com.damnhandy.aspects.bean.JavaBean))
	see also: C:\com.u14n\projects\com.u14n.model\src\main\aspect\com\u14n\model\DomainIntegrity.aj:21::0

9 warnings
> Building signature files...
> Calling javadoc...
Loading source file C:\com.u14n\projects\com.u14n.model\ajdocworkingdir\com\u14n\model\DomainIntegrity.java...
[parsing started C:\com.u14n\projects\com.u14n.model\ajdocworkingdir\com\u14n\model\DomainIntegrity.java]
[parsing completed 18ms]
Loading source file C:\com.u14n\projects\com.u14n.model\ajdocworkingdir\com\u14n\model\country\CountryComparator.java...
[parsing started C:\com.u14n\projects\com.u14n.model\ajdocworkingdir\com\u14n\model\country\CountryComparator.java]
[parsing completed 2ms]
Loading source file C:\com.u14n\projects\com.u14n.model\ajdocworkingdir\com\u14n\model\Serializables.java...
[parsing started C:\com.u14n\projects\com.u14n.model\ajdocworkingdir\com\u14n\model\Serializables.java]
[parsing completed 0ms]
Loading source file C:\com.u14n\projects\com.u14n.model\ajdocworkingdir\com\u14n\model\state\State.java...
[parsing started C:\com.u14n\projects\com.u14n.model\ajdocworkingdir\com\u14n\model\state\State.java]
[parsing completed 1ms]
Loading source file C:\com.u14n\projects\com.u14n.model\ajdocworkingdir\com\u14n\aspects\bean\JavaBeans.java...
[parsing started C:\com.u14n\projects\com.u14n.model\ajdocworkingdir\com\u14n\aspects\bean\JavaBeans.java]
[parsing completed 1ms]
Loading source file C:\com.u14n\projects\com.u14n.model\ajdocworkingdir\com\u14n\model\Observables.java...
[parsing started C:\com.u14n\projects\com.u14n.model\ajdocworkingdir\com\u14n\model\Observables.java]
[parsing completed 0ms]
Loading source file C:\com.u14n\projects\com.u14n.model\ajdocworkingdir\com\u14n\model\user\Group.java...
[parsing started C:\com.u14n\projects\com.u14n.model\ajdocworkingdir\com\u14n\model\user\Group.java]
[parsing completed 1ms]
Loading source file C:\com.u14n\projects\com.u14n.model\ajdocworkingdir\com\u14n\model\state\StateModel.java...
[parsing started C:\com.u14n\projects\com.u14n.model\ajdocworkingdir\com\u14n\model\state\StateModel.java]
[parsing completed 13ms]
Loading source file C:\com.u14n\projects\com.u14n.model\ajdocworkingdir\com\u14n\model\dao\DAOException.java...
[parsing started C:\com.u14n\projects\com.u14n.model\ajdocworkingdir\com\u14n\model\dao\DAOException.java]
[parsing completed 0ms]
Loading source file C:\com.u14n\projects\com.u14n.model\ajdocworkingdir\com\u14n\model\address\bean\DetailedAddressBean.java...
[parsing started C:\com.u14n\projects\com.u14n.model\ajdocworkingdir\com\u14n\model\address\bean\DetailedAddressBean.java]
[parsing completed 1ms]
Loading source file C:\com.u14n\projects\com.u14n.model\ajdocworkingdir\com\u14n\model\address\SimpleAddress.java...
[parsing started C:\com.u14n\projects\com.u14n.model\ajdocworkingdir\com\u14n\model\address\SimpleAddress.java]
[parsing completed 0ms]
Loading source file C:\com.u14n\projects\com.u14n.model\ajdocworkingdir\com\u14n\model\Model.java...
[parsing started C:\com.u14n\projects\com.u14n.model\ajdocworkingdir\com\u14n\model\Model.java]
[parsing completed 1ms]
Loading source file C:\com.u14n\projects\com.u14n.model\ajdocworkingdir\com\u14n\model\address\Address.java...
[parsing started C:\com.u14n\projects\com.u14n.model\ajdocworkingdir\com\u14n\model\address\Address.java]
[parsing completed 1ms]
Loading source file C:\com.u14n\projects\com.u14n.model\ajdocworkingdir\com\u14n\model\user\bean\UserBean.java...
[parsing started C:\com.u14n\projects\com.u14n.model\ajdocworkingdir\com\u14n\model\user\bean\UserBean.java]
[parsing completed 3ms]
Loading source file C:\com.u14n\projects\com.u14n.model\ajdocworkingdir\com\u14n\model\country\LocaleCountry.java...
[parsing started C:\com.u14n\projects\com.u14n.model\ajdocworkingdir\com\u14n\model\country\LocaleCountry.java]
[parsing completed 1ms]
Loading source file C:\com.u14n\projects\com.u14n.model\ajdocworkingdir\com\u14n\model\user\bean\GroupBean.java...
[parsing started C:\com.u14n\projects\com.u14n.model\ajdocworkingdir\com\u14n\model\user\bean\GroupBean.java]
[parsing completed 2ms]
Loading source file C:\com.u14n\projects\com.u14n.model\ajdocworkingdir\com\u14n\model\person\bean\PersonBean.java...
[parsing started C:\com.u14n\projects\com.u14n.model\ajdocworkingdir\com\u14n\model\person\bean\PersonBean.java]
[parsing completed 1ms]
Loading source file C:\com.u14n\projects\com.u14n.model\ajdocworkingdir\com\u14n\model\user\User.java...
[parsing started C:\com.u14n\projects\com.u14n.model\ajdocworkingdir\com\u14n\model\user\User.java]
[parsing completed 0ms]
Loading source file C:\com.u14n\projects\com.u14n.model\ajdocworkingdir\com\u14n\model\person\PersonDAO.java...
[parsing started C:\com.u14n\projects\com.u14n.model\ajdocworkingdir\com\u14n\model\person\PersonDAO.java]
[parsing completed 0ms]
Loading source file C:\com.u14n\projects\com.u14n.model\ajdocworkingdir\com\u14n\model\country\CountryModel.java...
[parsing started C:\com.u14n\projects\com.u14n.model\ajdocworkingdir\com\u14n\model\country\CountryModel.java]
[parsing completed 11ms]
Loading source file C:\com.u14n\projects\com.u14n.model\ajdocworkingdir\com\u14n\model\person\Person.java...
[parsing started C:\com.u14n\projects\com.u14n.model\ajdocworkingdir\com\u14n\model\person\Person.java]
[parsing completed 1ms]
Loading source file C:\com.u14n\projects\com.u14n.model\ajdocworkingdir\com\u14n\model\country\Country.java...
[parsing started C:\com.u14n\projects\com.u14n.model\ajdocworkingdir\com\u14n\model\country\Country.java]
[parsing completed 0ms]
Loading source file C:\com.u14n\projects\com.u14n.model\ajdocworkingdir\com\u14n\aspects\bean\PropertyChanges.java...
[parsing started C:\com.u14n\projects\com.u14n.model\ajdocworkingdir\com\u14n\aspects\bean\PropertyChanges.java]
[parsing completed 0ms]
Loading source file C:\com.u14n\projects\com.u14n.model\ajdocworkingdir\com\u14n\model\address\SimpleAddressDAO.java...
[parsing started C:\com.u14n\projects\com.u14n.model\ajdocworkingdir\com\u14n\model\address\SimpleAddressDAO.java]
[parsing completed 0ms]
Loading source file C:\com.u14n\projects\com.u14n.model\ajdocworkingdir\com\u14n\model\user\bean\NewUserBean.java...
[parsing started C:\com.u14n\projects\com.u14n.model\ajdocworkingdir\com\u14n\model\user\bean\NewUserBean.java]
[parsing completed 2ms]
Loading source file C:\com.u14n\projects\com.u14n.model\ajdocworkingdir\com\u14n\model\user\UserDAO.java...
[parsing started C:\com.u14n\projects\com.u14n.model\ajdocworkingdir\com\u14n\model\user\UserDAO.java]
[parsing completed 1ms]
Loading source file C:\com.u14n\projects\com.u14n.model\ajdocworkingdir\com\u14n\aspects\Verboseness.java...
[parsing started C:\com.u14n\projects\com.u14n.model\ajdocworkingdir\com\u14n\aspects\Verboseness.java]
[parsing completed 0ms]
Loading source file C:\com.u14n\projects\com.u14n.model\ajdocworkingdir\com\u14n\model\address\bean\SimpleAddressBean.java...
[parsing started C:\com.u14n\projects\com.u14n.model\ajdocworkingdir\com\u14n\model\address\bean\SimpleAddressBean.java]
[parsing completed 1ms]
Loading source file C:\com.u14n\projects\com.u14n.model\ajdocworkingdir\com\u14n\model\address\bean\AddressBean.java...
[parsing started C:\com.u14n\projects\com.u14n.model\ajdocworkingdir\com\u14n\model\address\bean\AddressBean.java]
[parsing completed 1ms]
Loading source file C:\com.u14n\projects\com.u14n.model\ajdocworkingdir\com\u14n\model\address\DetailedAddress.java...
[parsing started C:\com.u14n\projects\com.u14n.model\ajdocworkingdir\com\u14n\model\address\DetailedAddress.java]
[parsing completed 1ms]
Constructing Javadoc information...
[search path for source files: C:\Users\Klaus Wenger\.m2\repository\aspectj\aspectjrt\1.5.0\aspectjrt-1.5.0.jar,C:\Users\Klaus Wenger\.m2\repository\aspectj\aspectjtools\1.5.0\aspectjtools-1.5.0.jar,C:\Users\Klaus Wenger\.m2\repository\classworlds\classworlds\1.1-alpha-2\classworlds-1.1-alpha-2.jar,C:\Users\Klaus Wenger\.m2\repository\com\damnhandy\aspects\bean\com.damnhandy.aspects.bean\0.0.1-SNAPSHOT\com.damnhandy.aspects.bean-0.0.1-SNAPSHOT.jar,C:\Users\Klaus Wenger\.m2\repository\com\jgoodies\binding\2.0.2\binding-2.0.2.jar,C:\Users\Klaus Wenger\.m2\repository\com\jgoodies\forms\1.2.1\forms-1.2.1.jar,C:\Java\jre\..\lib\tools.jar,C:\Users\Klaus Wenger\.m2\repository\commons-jelly\commons-jelly-tags-log\1.0\commons-jelly-tags-log-1.0.jar,C:\Users\Klaus Wenger\.m2\repository\commons-lang\commons-lang\2.4\commons-lang-2.4.jar,C:\Users\Klaus Wenger\.m2\repository\commons-validator\commons-validator\1.1.4\commons-validator-1.1.4.jar,C:\Users\Klaus Wenger\.m2\repository\concurrent\concurrent\1.3.4\concurrent-1.3.4.jar,C:\Users\Klaus Wenger\.m2\repository\doxia\doxia-core\1.0-alpha-4\doxia-core-1.0-alpha-4.jar,C:\Users\Klaus Wenger\.m2\repository\doxia\doxia-sink-api\1.0-alpha-4\doxia-sink-api-1.0-alpha-4.jar,C:\Users\Klaus Wenger\.m2\repository\javassist\javassist\3.1RC1\javassist-3.1RC1.jar,C:\Users\Klaus Wenger\.m2\repository\jboss\jboss-aop\2.0.0.alpha2\jboss-aop-2.0.0.alpha2.jar,C:\Users\Klaus Wenger\.m2\repository\jboss\jboss-common\4.0.4\jboss-common-4.0.4.jar,C:\Users\Klaus Wenger\.m2\repository\junit\junit\3.8.2\junit-3.8.2.jar,C:\Users\Klaus Wenger\.m2\repository\maven\maven-aspectj-plugin\4.0\maven-aspectj-plugin-4.0.jar,C:\Users\Klaus Wenger\.m2\repository\org\apache\maven\maven-artifact\2.0\maven-artifact-2.0.jar,C:\Users\Klaus Wenger\.m2\repository\org\apache\maven\maven-artifact-manager\2.0\maven-artifact-manager-2.0.jar,C:\Users\Klaus Wenger\.m2\repository\org\apache\maven\maven-model\2.0\maven-model-2.0.jar,C:\Users\Klaus Wenger\.m2\repository\org\apache\maven\maven-plugin-api\2.0\maven-plugin-api-2.0.jar,C:\Users\Klaus Wenger\.m2\repository\org\apache\maven\maven-profile\2.0\maven-profile-2.0.jar,C:\Users\Klaus Wenger\.m2\repository\org\apache\maven\maven-project\2.0\maven-project-2.0.jar,C:\Users\Klaus Wenger\.m2\repository\org\apache\maven\maven-repository-metadata\2.0\maven-repository-metadata-2.0.jar,C:\Users\Klaus Wenger\.m2\repository\org\apache\maven\reporting\maven-reporting-api\2.0\maven-reporting-api-2.0.jar,C:\Users\Klaus Wenger\.m2\repository\org\apache\maven\reporting\maven-reporting-impl\2.0\maven-reporting-impl-2.0.jar,C:\Users\Klaus Wenger\.m2\repository\org\apache\maven\wagon\wagon-provider-api\1.0-alpha-5\wagon-provider-api-1.0-alpha-5.jar,C:\Users\Klaus Wenger\.m2\repository\org\aspectj\aspectjrt\1.6.7\aspectjrt-1.6.7.jar,C:\Users\Klaus Wenger\.m2\repository\org\aspectj\aspectjtools\1.6.5\aspectjtools-1.6.5.jar,C:\Users\Klaus Wenger\.m2\repository\org\aspectj\aspectjtools\1.6.7\aspectjtools-1.6.7.jar,C:\Users\Klaus Wenger\.m2\repository\org\codehaus\mojo\aspectj-maven-plugin\1.3\aspectj-maven-plugin-1.3.jar,C:\Users\Klaus Wenger\.m2\repository\org\codehaus\plexus\plexus-container-default\1.0-alpha-8\plexus-container-default-1.0-alpha-8.jar,C:\Users\Klaus Wenger\.m2\repository\org\codehaus\plexus\plexus-utils\1.5.15\plexus-utils-1.5.15.jar,C:\Users\Klaus Wenger\.m2\repository\org\codehaus\plexus\plexus-utils\1.5.6\plexus-utils-1.5.6.jar,C:\Users\Klaus Wenger\.m2\repository\oro\oro\2.0.7\oro-2.0.7.jar,C:\Users\Klaus Wenger\.m2\repository\trove\trove\1.0.2\trove-1.0.2.jar,C:\com.u14n\projects\com.u14n.model\target\classes,C:\com.u14n\projects\com.u14n.model\target\test-classes]
[search path for class files: C:\Java\jre\lib\resources.jar,C:\Java\jre\lib\rt.jar,C:\Java\jre\lib\sunrsasign.jar,C:\Java\jre\lib\jsse.jar,C:\Java\jre\lib\jce.jar,C:\Java\jre\lib\charsets.jar,C:\Java\jre\classes,C:\Java\jre\lib\ext\dnsns.jar,C:\Java\jre\lib\ext\localedata.jar,C:\Java\jre\lib\ext\sunjce_provider.jar,C:\Java\jre\lib\ext\sunmscapi.jar,C:\Java\jre\lib\ext\sunpkcs11.jar,C:\Users\Klaus Wenger\.m2\repository\aspectj\aspectjrt\1.5.0\aspectjrt-1.5.0.jar,C:\Users\Klaus Wenger\.m2\repository\aspectj\aspectjtools\1.5.0\aspectjtools-1.5.0.jar,C:\Users\Klaus Wenger\.m2\repository\classworlds\classworlds\1.1-alpha-2\classworlds-1.1-alpha-2.jar,C:\Users\Klaus Wenger\.m2\repository\com\damnhandy\aspects\bean\com.damnhandy.aspects.bean\0.0.1-SNAPSHOT\com.damnhandy.aspects.bean-0.0.1-SNAPSHOT.jar,C:\Users\Klaus Wenger\.m2\repository\com\jgoodies\binding\2.0.2\binding-2.0.2.jar,C:\Users\Klaus Wenger\.m2\repository\com\jgoodies\forms\1.2.1\forms-1.2.1.jar,C:\Java\jre\..\lib\tools.jar,C:\Users\Klaus Wenger\.m2\repository\commons-jelly\commons-jelly-tags-log\1.0\commons-jelly-tags-log-1.0.jar,C:\Users\Klaus Wenger\.m2\repository\commons-lang\commons-lang\2.4\commons-lang-2.4.jar,C:\Users\Klaus Wenger\.m2\repository\commons-validator\commons-validator\1.1.4\commons-validator-1.1.4.jar,C:\Users\Klaus Wenger\.m2\repository\concurrent\concurrent\1.3.4\concurrent-1.3.4.jar,C:\Users\Klaus Wenger\.m2\repository\doxia\doxia-core\1.0-alpha-4\doxia-core-1.0-alpha-4.jar,C:\Users\Klaus Wenger\.m2\repository\doxia\doxia-sink-api\1.0-alpha-4\doxia-sink-api-1.0-alpha-4.jar,C:\Users\Klaus Wenger\.m2\repository\javassist\javassist\3.1RC1\javassist-3.1RC1.jar,C:\Users\Klaus Wenger\.m2\repository\jboss\jboss-aop\2.0.0.alpha2\jboss-aop-2.0.0.alpha2.jar,C:\Users\Klaus Wenger\.m2\repository\jboss\jboss-common\4.0.4\jboss-common-4.0.4.jar,C:\Users\Klaus Wenger\.m2\repository\junit\junit\3.8.2\junit-3.8.2.jar,C:\Users\Klaus Wenger\.m2\repository\maven\maven-aspectj-plugin\4.0\maven-aspectj-plugin-4.0.jar,C:\Users\Klaus Wenger\.m2\repository\org\apache\maven\maven-artifact\2.0\maven-artifact-2.0.jar,C:\Users\Klaus Wenger\.m2\repository\org\apache\maven\maven-artifact-manager\2.0\maven-artifact-manager-2.0.jar,C:\Users\Klaus Wenger\.m2\repository\org\apache\maven\maven-model\2.0\maven-model-2.0.jar,C:\Users\Klaus Wenger\.m2\repository\org\apache\maven\maven-plugin-api\2.0\maven-plugin-api-2.0.jar,C:\Users\Klaus Wenger\.m2\repository\org\apache\maven\maven-profile\2.0\maven-profile-2.0.jar,C:\Users\Klaus Wenger\.m2\repository\org\apache\maven\maven-project\2.0\maven-project-2.0.jar,C:\Users\Klaus Wenger\.m2\repository\org\apache\maven\maven-repository-metadata\2.0\maven-repository-metadata-2.0.jar,C:\Users\Klaus Wenger\.m2\repository\org\apache\maven\reporting\maven-reporting-api\2.0\maven-reporting-api-2.0.jar,C:\Users\Klaus Wenger\.m2\repository\org\apache\maven\reporting\maven-reporting-impl\2.0\maven-reporting-impl-2.0.jar,C:\Users\Klaus Wenger\.m2\repository\org\apache\maven\wagon\wagon-provider-api\1.0-alpha-5\wagon-provider-api-1.0-alpha-5.jar,C:\Users\Klaus Wenger\.m2\repository\org\aspectj\aspectjrt\1.6.7\aspectjrt-1.6.7.jar,C:\Users\Klaus Wenger\.m2\repository\org\aspectj\aspectjtools\1.6.5\aspectjtools-1.6.5.jar,C:\Users\Klaus Wenger\.m2\repository\org\aspectj\aspectjtools\1.6.7\aspectjtools-1.6.7.jar,C:\Users\Klaus Wenger\.m2\repository\org\codehaus\mojo\aspectj-maven-plugin\1.3\aspectj-maven-plugin-1.3.jar,C:\Users\Klaus Wenger\.m2\repository\org\codehaus\plexus\plexus-container-default\1.0-alpha-8\plexus-container-default-1.0-alpha-8.jar,C:\Users\Klaus Wenger\.m2\repository\org\codehaus\plexus\plexus-utils\1.5.15\plexus-utils-1.5.15.jar,C:\Users\Klaus Wenger\.m2\repository\org\codehaus\plexus\plexus-utils\1.5.6\plexus-utils-1.5.6.jar,C:\Users\Klaus Wenger\.m2\repository\oro\oro\2.0.7\oro-2.0.7.jar,C:\Users\Klaus Wenger\.m2\repository\trove\trove\1.0.2\trove-1.0.2.jar,C:\com.u14n\projects\com.u14n.model\target\classes,C:\com.u14n\projects\com.u14n.model\target\test-classes]
[loading java\lang\Object.class(java\lang:Object.class)]
[loading java\util\Comparator.class(java\util:Comparator.class)]
[loading java\text\Collator.class(java\text:Collator.class)]
[loading java\lang\String.class(java\lang:String.class)]
[loading java\io\Serializable.class(java\io:Serializable.class)]
[loading com\damnhandy\aspects\bean\JavaBeanMixin.class(com\damnhandy\aspects\bean:JavaBeanMixin.class)]
[loading com\damnhandy\aspects\bean\JavaBean.class(com\damnhandy\aspects\bean:JavaBean.class)]
[loading com\damnhandy\aspects\bean\JavaBeanAspect.class(com\damnhandy\aspects\bean:JavaBeanAspect.class)]
[loading com\damnhandy\aspects\bean\Constrained.class(com\damnhandy\aspects\bean:Constrained.class)]
[loading com\damnhandy\aspects\bean\Observable.class(com\damnhandy\aspects\bean:Observable.class)]
[loading java\util\Collection.class(java\util:Collection.class)]
[loading java\beans\PropertyVetoException.class(java\beans:PropertyVetoException.class)]
[loading java\util\Date.class(java\util:Date.class)]
[loading java\lang\Exception.class(java\lang:Exception.class)]
[loading java\lang\Throwable.class(java\lang:Throwable.class)]
[loading java\lang\StringBuilder.class(java\lang:StringBuilder.class)]
[loading java\util\Iterator.class(java\util:Iterator.class)]
[loading java\util\ArrayList.class(java\util:ArrayList.class)]
[loading java\lang\Cloneable.class(java\lang:Cloneable.class)]
[loading java\util\Locale.class(java\util:Locale.class)]
[loading java\util\Set.class(java\util:Set.class)]
[loading java\util\TreeSet.class(java\util:TreeSet.class)]
[loading com\damnhandy\aspects\bean\PropertyChangeAspect.class(com\damnhandy\aspects\bean:PropertyChangeAspect.class)]
[loading org\aspectj\lang\reflect\FieldSignature.class(org\aspectj\lang\reflect:FieldSignature.class)]
[loading org\aspectj\lang\SoftException.class(org\aspectj\lang:SoftException.class)]
[loading java\lang\reflect\Field.class(java\lang\reflect:Field.class)]
[loading java\util\List.class(java\util:List.class)]
[loading org\jboss\aop\Aspect.class(org\jboss\aop:Aspect.class)]
[loading org\jboss\aop\advice\Scope.class(org\jboss\aop\advice:Scope.class)]
[loading org\jboss\aop\Introduction.class(org\jboss\aop:Introduction.class)]
[loading org\jboss\aop\Mixin.class(org\jboss\aop:Mixin.class)]
[loading java\lang\annotation\Target.class(java\lang\annotation:Target.class)]
[loading java\lang\annotation\ElementType.class(java\lang\annotation:ElementType.class)]
[loading java\lang\annotation\Retention.class(java\lang\annotation:Retention.class)]
[loading java\lang\annotation\RetentionPolicy.class(java\lang\annotation:RetentionPolicy.class)]
[loading java\lang\annotation\Annotation.class(java\lang\annotation:Annotation.class)]
[loading org\jboss\aop\Bind.class(org\jboss\aop:Bind.class)]
Standard Doclet version 1.6.0_17
Building tree for all the packages and classes...
Generating C:\com.u14n\projects\com.u14n.model\target/site/aspectj-report\com/u14n/model/address/bean/\AddressBean.html...
Generating C:\com.u14n\projects\com.u14n.model\target/site/aspectj-report\com/u14n/model/address/bean/\DetailedAddressBean.html...
Generating C:\com.u14n\projects\com.u14n.model\target/site/aspectj-report\com/u14n/model/address/bean/\SimpleAddressBean.html...
Generating C:\com.u14n\projects\com.u14n.model\target/site/aspectj-report\com/u14n/model/dao/\DAOException.html...
Generating C:\com.u14n\projects\com.u14n.model\target/site/aspectj-report\com/u14n/model/address/\Address.html...
Generating C:\com.u14n\projects\com.u14n.model\target/site/aspectj-report\com/u14n/model/address/\DetailedAddress.html...
Generating C:\com.u14n\projects\com.u14n.model\target/site/aspectj-report\com/u14n/model/address/\SimpleAddress.html...
Generating C:\com.u14n\projects\com.u14n.model\target/site/aspectj-report\com/u14n/model/address/\SimpleAddressDAO.html...
C:\com.u14n\projects\com.u14n.model\ajdocworkingdir\com\u14n\model\address\SimpleAddressDAO.java:25: warning - @return tag has no arguments.
C:\com.u14n\projects\com.u14n.model\ajdocworkingdir\com\u14n\model\address\SimpleAddressDAO.java:16: warning - @return tag has no arguments.
C:\com.u14n\projects\com.u14n.model\ajdocworkingdir\com\u14n\model\address\SimpleAddressDAO.java:21: warning - @return tag has no arguments.
C:\com.u14n\projects\com.u14n.model\ajdocworkingdir\com\u14n\model\address\SimpleAddressDAO.java:11: warning - @param argument "SimpleAddress" is not a parameter name.
C:\com.u14n\projects\com.u14n.model\ajdocworkingdir\com\u14n\model\address\SimpleAddressDAO.java:21: warning - @param argument "lastName" is not a parameter name.
C:\com.u14n\projects\com.u14n.model\ajdocworkingdir\com\u14n\model\address\SimpleAddressDAO.java:29: warning - @param argument "SimpleAddress" is not a parameter name.
C:\com.u14n\projects\com.u14n.model\ajdocworkingdir\com\u14n\model\address\SimpleAddressDAO.java:33: warning - @param argument "SimpleAddress" is not a parameter name.
Generating C:\com.u14n\projects\com.u14n.model\target/site/aspectj-report\com/u14n/aspects/bean/\JavaBeans.html...
Generating C:\com.u14n\projects\com.u14n.model\target/site/aspectj-report\com/u14n/aspects/bean/\PropertyChanges.html...
Generating C:\com.u14n\projects\com.u14n.model\target/site/aspectj-report\com/u14n/model/user/bean/\GroupBean.html...
C:\com.u14n\projects\com.u14n.model\ajdocworkingdir\com\u14n\model\user\bean\GroupBean.java:44: warning - @return tag has no arguments.
Generating C:\com.u14n\projects\com.u14n.model\target/site/aspectj-report\com/u14n/model/user/bean/\NewUserBean.html...
C:\com.u14n\projects\com.u14n.model\ajdocworkingdir\com\u14n\model\user\bean\NewUserBean.java:172: warning - @return tag has no arguments.
C:\com.u14n\projects\com.u14n.model\ajdocworkingdir\com\u14n\model\user\bean\NewUserBean.java:159: warning - @param argument "password" is not a parameter name.
Generating C:\com.u14n\projects\com.u14n.model\target/site/aspectj-report\com/u14n/model/user/bean/\NewUserBean.Flat.html...
C:\com.u14n\projects\com.u14n.model\ajdocworkingdir\com\u14n\model\user\bean\NewUserBean.java:144: warning - @return tag has no arguments.
Generating C:\com.u14n\projects\com.u14n.model\target/site/aspectj-report\com/u14n/model/user/bean/\UserBean.html...
C:\com.u14n\projects\com.u14n.model\ajdocworkingdir\com\u14n\model\user\bean\UserBean.java:120: warning - @return tag has no arguments.
C:\com.u14n\projects\com.u14n.model\ajdocworkingdir\com\u14n\model\user\bean\UserBean.java:108: warning - @return tag has no arguments.
C:\com.u14n\projects\com.u14n.model\ajdocworkingdir\com\u14n\model\user\bean\UserBean.java:43: warning - @param argument "password" is not a parameter name.
C:\com.u14n\projects\com.u14n.model\ajdocworkingdir\com\u14n\model\user\User.java:42: warning - @return tag has no arguments.
[loading C:\com.u14n\projects\com.u14n.model\target\test-classes\com\u14n\model\user\bean\UserBeanTest.class]
[loading C:\com.u14n\projects\com.u14n.model\target\test-classes\com\u14n\model\user\bean\GroupBeanTest.class]
Generating C:\com.u14n\projects\com.u14n.model\target/site/aspectj-report\com/u14n/model/country/\Country.html...
C:\com.u14n\projects\com.u14n.model\ajdocworkingdir\com\u14n\model\country\Country.java:13: warning - @return tag has no arguments.
C:\com.u14n\projects\com.u14n.model\ajdocworkingdir\com\u14n\model\country\Country.java:17: warning - @return tag has no arguments.
Generating C:\com.u14n\projects\com.u14n.model\target/site/aspectj-report\com/u14n/model/country/\CountryComparator.html...
C:\com.u14n\projects\com.u14n.model\ajdocworkingdir\com\u14n\model\country\CountryComparator.java:29: warning - @return tag has no arguments.
Generating C:\com.u14n\projects\com.u14n.model\target/site/aspectj-report\com/u14n/model/country/\CountryModel.html...
Generating C:\com.u14n\projects\com.u14n.model\target/site/aspectj-report\com/u14n/model/country/\LocaleCountry.html...
Generating C:\com.u14n\projects\com.u14n.model\target/site/aspectj-report\com/u14n/model/person/\Person.html...
Generating C:\com.u14n\projects\com.u14n.model\target/site/aspectj-report\com/u14n/model/person/\PersonDAO.html...
C:\com.u14n\projects\com.u14n.model\ajdocworkingdir\com\u14n\model\person\PersonDAO.java:25: warning - @return tag has no arguments.
C:\com.u14n\projects\com.u14n.model\ajdocworkingdir\com\u14n\model\person\PersonDAO.java:16: warning - @return tag has no arguments.
C:\com.u14n\projects\com.u14n.model\ajdocworkingdir\com\u14n\model\person\PersonDAO.java:21: warning - @return tag has no arguments.
C:\com.u14n\projects\com.u14n.model\ajdocworkingdir\com\u14n\model\person\PersonDAO.java:11: warning - @param argument "Person" is not a parameter name.
C:\com.u14n\projects\com.u14n.model\ajdocworkingdir\com\u14n\model\person\PersonDAO.java:21: warning - @param argument "lastName" is not a parameter name.
C:\com.u14n\projects\com.u14n.model\ajdocworkingdir\com\u14n\model\person\PersonDAO.java:29: warning - @param argument "Person" is not a parameter name.
C:\com.u14n\projects\com.u14n.model\ajdocworkingdir\com\u14n\model\person\PersonDAO.java:33: warning - @param argument "Person" is not a parameter name.
Generating C:\com.u14n\projects\com.u14n.model\target/site/aspectj-report\com/u14n/aspects/\Verboseness.html...
Generating C:\com.u14n\projects\com.u14n.model\target/site/aspectj-report\com/u14n/model/state/\State.html...
C:\com.u14n\projects\com.u14n.model\ajdocworkingdir\com\u14n\model\state\State.java:17: warning - @return tag has no arguments.
C:\com.u14n\projects\com.u14n.model\ajdocworkingdir\com\u14n\model\state\State.java:13: warning - @return tag has no arguments.
Generating C:\com.u14n\projects\com.u14n.model\target/site/aspectj-report\com/u14n/model/state/\StateModel.html...
C:\com.u14n\projects\com.u14n.model\ajdocworkingdir\com\u14n\model\state\StateModel.java:52: warning - @return tag has no arguments.
Generating C:\com.u14n\projects\com.u14n.model\target/site/aspectj-report\com/u14n/model/state/\StateModel.StateGlyph.html...
C:\com.u14n\projects\com.u14n.model\ajdocworkingdir\com\u14n\model\state\StateModel.java:13: incompatible types
found   : <nulltype>
required: byte
private final byte index = null;
                           ^
Generating C:\com.u14n\projects\com.u14n.model\target/site/aspectj-report\com/u14n/model/\DomainIntegrity.html...
Generating C:\com.u14n\projects\com.u14n.model\target/site/aspectj-report\com/u14n/model/\Model.html...
Generating C:\com.u14n\projects\com.u14n.model\target/site/aspectj-report\com/u14n/model/\Observables.html...
Generating C:\com.u14n\projects\com.u14n.model\target/site/aspectj-report\com/u14n/model/\Serializables.html...
Generating C:\com.u14n\projects\com.u14n.model\target/site/aspectj-report\com/u14n/model/person/bean/\PersonBean.html...
C:\com.u14n\projects\com.u14n.model\ajdocworkingdir\com\u14n\model\person\bean\PersonBean.java:82: warning - @return tag has no arguments.
Generating C:\com.u14n\projects\com.u14n.model\target/site/aspectj-report\com/u14n/model/user/\Group.html...
Generating C:\com.u14n\projects\com.u14n.model\target/site/aspectj-report\com/u14n/model/user/\User.html...
C:\com.u14n\projects\com.u14n.model\ajdocworkingdir\com\u14n\model\user\User.java:38: warning - @param argument "eMail" is not a parameter name.
Generating C:\com.u14n\projects\com.u14n.model\target/site/aspectj-report\com/u14n/model/user/\UserDAO.html...
C:\com.u14n\projects\com.u14n.model\ajdocworkingdir\com\u14n\model\user\UserDAO.java:25: warning - @return tag has no arguments.
C:\com.u14n\projects\com.u14n.model\ajdocworkingdir\com\u14n\model\user\UserDAO.java:16: warning - @return tag has no arguments.
C:\com.u14n\projects\com.u14n.model\ajdocworkingdir\com\u14n\model\user\UserDAO.java:21: warning - @return tag has no arguments.
C:\com.u14n\projects\com.u14n.model\ajdocworkingdir\com\u14n\model\user\UserDAO.java:11: warning - @param argument "User" is not a parameter name.
C:\com.u14n\projects\com.u14n.model\ajdocworkingdir\com\u14n\model\user\UserDAO.java:21: warning - @param argument "lastName" is not a parameter name.
C:\com.u14n\projects\com.u14n.model\ajdocworkingdir\com\u14n\model\user\UserDAO.java:29: warning - @param argument "User" is not a parameter name.
C:\com.u14n\projects\com.u14n.model\ajdocworkingdir\com\u14n\model\user\UserDAO.java:33: warning - @param argument "User" is not a parameter name.
Generating C:\com.u14n\projects\com.u14n.model\target/site/aspectj-report\overview-frame.html...
Generating C:\com.u14n\projects\com.u14n.model\target/site/aspectj-report\com/u14n/aspects/\package-frame.html...
Generating C:\com.u14n\projects\com.u14n.model\target/site/aspectj-report\com/u14n/aspects/\package-summary.html...
Generating C:\com.u14n\projects\com.u14n.model\target/site/aspectj-report\com/u14n/aspects/\package-tree.html...
Generating C:\com.u14n\projects\com.u14n.model\target/site/aspectj-report\com/u14n/aspects/bean/\package-frame.html...
Generating C:\com.u14n\projects\com.u14n.model\target/site/aspectj-report\com/u14n/aspects/bean/\package-summary.html...
Generating C:\com.u14n\projects\com.u14n.model\target/site/aspectj-report\com/u14n/aspects/bean/\package-tree.html...
Generating C:\com.u14n\projects\com.u14n.model\target/site/aspectj-report\com/u14n/model/\package-frame.html...
Generating C:\com.u14n\projects\com.u14n.model\target/site/aspectj-report\com/u14n/model/\package-summary.html...
Generating C:\com.u14n\projects\com.u14n.model\target/site/aspectj-report\com/u14n/model/\package-tree.html...
Generating C:\com.u14n\projects\com.u14n.model\target/site/aspectj-report\com/u14n/model/address/\package-frame.html...
Generating C:\com.u14n\projects\com.u14n.model\target/site/aspectj-report\com/u14n/model/address/\package-summary.html...
Generating C:\com.u14n\projects\com.u14n.model\target/site/aspectj-report\com/u14n/model/address/\package-tree.html...
Generating C:\com.u14n\projects\com.u14n.model\target/site/aspectj-report\com/u14n/model/address/bean/\package-frame.html...
Generating C:\com.u14n\projects\com.u14n.model\target/site/aspectj-report\com/u14n/model/address/bean/\package-summary.html...
Generating C:\com.u14n\projects\com.u14n.model\target/site/aspectj-report\com/u14n/model/address/bean/\package-tree.html...
Generating C:\com.u14n\projects\com.u14n.model\target/site/aspectj-report\com/u14n/model/country/\package-frame.html...
Generating C:\com.u14n\projects\com.u14n.model\target/site/aspectj-report\com/u14n/model/country/\package-summary.html...
Generating C:\com.u14n\projects\com.u14n.model\target/site/aspectj-report\com/u14n/model/country/\package-tree.html...
Generating C:\com.u14n\projects\com.u14n.model\target/site/aspectj-report\com/u14n/model/dao/\package-frame.html...
Generating C:\com.u14n\projects\com.u14n.model\target/site/aspectj-report\com/u14n/model/dao/\package-summary.html...
Generating C:\com.u14n\projects\com.u14n.model\target/site/aspectj-report\com/u14n/model/dao/\package-tree.html...
Generating C:\com.u14n\projects\com.u14n.model\target/site/aspectj-report\com/u14n/model/person/\package-frame.html...
Generating C:\com.u14n\projects\com.u14n.model\target/site/aspectj-report\com/u14n/model/person/\package-summary.html...
Generating C:\com.u14n\projects\com.u14n.model\target/site/aspectj-report\com/u14n/model/person/\package-tree.html...
Generating C:\com.u14n\projects\com.u14n.model\target/site/aspectj-report\com/u14n/model/person/bean/\package-frame.html...
Generating C:\com.u14n\projects\com.u14n.model\target/site/aspectj-report\com/u14n/model/person/bean/\package-summary.html...
Generating C:\com.u14n\projects\com.u14n.model\target/site/aspectj-report\com/u14n/model/person/bean/\package-tree.html...
Generating C:\com.u14n\projects\com.u14n.model\target/site/aspectj-report\com/u14n/model/state/\package-frame.html...
Generating C:\com.u14n\projects\com.u14n.model\target/site/aspectj-report\com/u14n/model/state/\package-summary.html...
Generating C:\com.u14n\projects\com.u14n.model\target/site/aspectj-report\com/u14n/model/state/\package-tree.html...
Generating C:\com.u14n\projects\com.u14n.model\target/site/aspectj-report\com/u14n/model/user/\package-frame.html...
Generating C:\com.u14n\projects\com.u14n.model\target/site/aspectj-report\com/u14n/model/user/\package-summary.html...
Generating C:\com.u14n\projects\com.u14n.model\target/site/aspectj-report\com/u14n/model/user/\package-tree.html...
Generating C:\com.u14n\projects\com.u14n.model\target/site/aspectj-report\com/u14n/model/user/bean/\package-frame.html...
Generating C:\com.u14n\projects\com.u14n.model\target/site/aspectj-report\com/u14n/model/user/bean/\package-summary.html...
Generating C:\com.u14n\projects\com.u14n.model\target/site/aspectj-report\com/u14n/model/user/bean/\package-tree.html...
Generating C:\com.u14n\projects\com.u14n.model\target/site/aspectj-report\constant-values.html...
[loading C:\com.u14n\projects\com.u14n.model\target\test-classes\com\u14n\aspects\VerbosenessTest.class]
[loading C:\com.u14n\projects\com.u14n.model\target\test-classes\com\u14n\aspects\bean\TestBeanTest.class]
[loading C:\com.u14n\projects\com.u14n.model\target\test-classes\com\u14n\aspects\bean\TestBean.class]
[loading C:\com.u14n\projects\com.u14n.model\target\test-classes\com\u14n\model\address\bean\SimpleAddressBeanTest.class]
[loading C:\com.u14n\projects\com.u14n.model\target\test-classes\com\u14n\model\address\bean\AddressBeanTest.class]
[loading C:\com.u14n\projects\com.u14n.model\target\test-classes\com\u14n\model\person\bean\PersonBeanTest.class]
Generating C:\com.u14n\projects\com.u14n.model\target/site/aspectj-report\serialized-form.html...
[loading junit\framework\TestCase.class(junit\framework:TestCase.class)]
[loading junit\framework\Assert.class(junit\framework:Assert.class)]
[loading junit\framework\Test.class(junit\framework:Test.class)]
[loading java\beans\PropertyChangeListener.class(java\beans:PropertyChangeListener.class)]
[loading java\util\EventListener.class(java\util:EventListener.class)]
[loading java\io\Externalizable.class(java\io:Externalizable.class)]
Building index for all the packages and classes...
Generating C:\com.u14n\projects\com.u14n.model\target/site/aspectj-report\overview-tree.html...
Generating C:\com.u14n\projects\com.u14n.model\target/site/aspectj-report\index-all.html...
Generating C:\com.u14n\projects\com.u14n.model\target/site/aspectj-report\deprecated-list.html...
Building index for all classes...
Generating C:\com.u14n\projects\com.u14n.model\target/site/aspectj-report\allclasses-frame.html...
Generating C:\com.u14n\projects\com.u14n.model\target/site/aspectj-report\allclasses-noframe.html...
Generating C:\com.u14n\projects\com.u14n.model\target/site/aspectj-report\index.html...
Generating C:\com.u14n\projects\com.u14n.model\target/site/aspectj-report\overview-summary.html...
Generating C:\com.u14n\projects\com.u14n.model\target/site/aspectj-report\help-doc.html...
Generating C:\com.u14n\projects\com.u14n.model\target/site/aspectj-report\stylesheet.css...
[done in 2638 ms]
1 error
37 warnings
> Decorating html files...
> Decorating C:\com.u14n\projects\com.u14n.model\target\site\aspectj-report\com\u14n\model\DomainIntegrity.html...
> Decorating C:\com.u14n\projects\com.u14n.model\target\site\aspectj-report\com\u14n\model\country\CountryComparator.html...
> Decorating C:\com.u14n\projects\com.u14n.model\target\site\aspectj-report\com\u14n\model\Serializables.html...
> Decorating C:\com.u14n\projects\com.u14n.model\target\site\aspectj-report\com\u14n\model\state\State.html...
> Decorating C:\com.u14n\projects\com.u14n.model\target\site\aspectj-report\com\u14n\aspects\bean\JavaBeans.html...
> Decorating C:\com.u14n\projects\com.u14n.model\target\site\aspectj-report\com\u14n\model\Observables.html...
> Decorating C:\com.u14n\projects\com.u14n.model\target\site\aspectj-report\com\u14n\model\user\Group.html...
> Decorating C:\com.u14n\projects\com.u14n.model\target\site\aspectj-report\com\u14n\model\state\StateModel.html...
> Decorating C:\com.u14n\projects\com.u14n.model\target\site\aspectj-report\com\u14n\model\state\StateModel.StateGlyph.html...
> Decorating C:\com.u14n\projects\com.u14n.model\target\site\aspectj-report\com\u14n\model\dao\DAOException.html...
> Decorating C:\com.u14n\projects\com.u14n.model\target\site\aspectj-report\com\u14n\model\address\bean\DetailedAddressBean.html...
> Decorating C:\com.u14n\projects\com.u14n.model\target\site\aspectj-report\com\u14n\model\address\SimpleAddress.html...
> Decorating C:\com.u14n\projects\com.u14n.model\target\site\aspectj-report\com\u14n\model\Model.html...
> Decorating C:\com.u14n\projects\com.u14n.model\target\site\aspectj-report\com\u14n\model\address\Address.html...
> Decorating C:\com.u14n\projects\com.u14n.model\target\site\aspectj-report\com\u14n\model\user\bean\UserBean.html...
> Decorating C:\com.u14n\projects\com.u14n.model\target\site\aspectj-report\com\u14n\model\country\LocaleCountry.html...
> Decorating C:\com.u14n\projects\com.u14n.model\target\site\aspectj-report\com\u14n\model\user\bean\GroupBean.html...
> Decorating C:\com.u14n\projects\com.u14n.model\target\site\aspectj-report\com\u14n\model\person\bean\PersonBean.html...
> Decorating C:\com.u14n\projects\com.u14n.model\target\site\aspectj-report\com\u14n\model\user\User.html...
> Decorating C:\com.u14n\projects\com.u14n.model\target\site\aspectj-report\com\u14n\model\person\PersonDAO.html...
> Decorating C:\com.u14n\projects\com.u14n.model\target\site\aspectj-report\com\u14n\model\country\CountryModel.html...
> Decorating C:\com.u14n\projects\com.u14n.model\target\site\aspectj-report\com\u14n\model\person\Person.html...
> Decorating C:\com.u14n\projects\com.u14n.model\target\site\aspectj-report\com\u14n\model\country\Country.html...
> Decorating C:\com.u14n\projects\com.u14n.model\target\site\aspectj-report\com\u14n\aspects\bean\PropertyChanges.html...
> Decorating C:\com.u14n\projects\com.u14n.model\target\site\aspectj-report\com\u14n\model\address\SimpleAddressDAO.html...
> Decorating C:\com.u14n\projects\com.u14n.model\target\site\aspectj-report\com\u14n\model\user\bean\NewUserBean.html...
> Decorating C:\com.u14n\projects\com.u14n.model\target\site\aspectj-report\com\u14n\model\user\bean\NewUserBean.Flat.html...
> Decorating C:\com.u14n\projects\com.u14n.model\target\site\aspectj-report\com\u14n\model\user\UserDAO.html...
> Decorating C:\com.u14n\projects\com.u14n.model\target\site\aspectj-report\com\u14n\aspects\Verboseness.html...
> Decorating C:\com.u14n\projects\com.u14n.model\target\site\aspectj-report\com\u14n\model\address\bean\SimpleAddressBean.html...
> Decorating C:\com.u14n\projects\com.u14n.model\target\site\aspectj-report\com\u14n\model\address\bean\AddressBean.html...
> Decorating C:\com.u14n\projects\com.u14n.model\target\site\aspectj-report\com\u14n\model\address\DetailedAddress.html...
> Removing generated tags...
> Finished.
[INFO] Generating "Maven Surefire Report" report.
[INFO] Generating "Checkstyle" report.
[WARNING] File encoding has not been set, using platform encoding Cp1252, i.e. build is platform dependent!
[INFO] There are 569 checkstyle errors.
[INFO] Generating "Project Plugins" report.
[INFO] Generating "Project Summary" report.
[INFO] Generating "Source Xref" report.
[INFO] Scanning C:\com.u14n\projects\com.u14n.model\src\main\java
[INFO] Scanning C:\com.u14n\projects\com.u14n.model\src\main\aspect
[INFO] ************************************************************** 
[INFO] Starting Jakarta Velocity v1.4
[INFO] RuntimeInstance initializing.
[INFO] Default Properties File: org\apache\velocity\runtime\defaults\velocity.properties
[INFO] Trying to use logger class org.apache.maven.jxr.log.VelocityLogger
[INFO] Using logger class org.apache.maven.jxr.log.VelocityLogger
[INFO] Default ResourceManager initializing. (class org.apache.velocity.runtime.resource.ResourceManagerImpl)
[INFO] Resource Loader Instantiated: org.apache.velocity.runtime.resource.loader.ClasspathResourceLoader
[INFO] ClasspathResourceLoader : initialization starting.
[INFO] ClasspathResourceLoader : initialization complete.
[INFO] ResourceCache : initialized. (class org.apache.velocity.runtime.resource.ResourceCacheImpl)
[INFO] Default ResourceManager initialization complete.
[INFO] Loaded System Directive: org.apache.velocity.runtime.directive.Literal
[INFO] Loaded System Directive: org.apache.velocity.runtime.directive.Macro
[INFO] Loaded System Directive: org.apache.velocity.runtime.directive.Parse
[INFO] Loaded System Directive: org.apache.velocity.runtime.directive.Include
[INFO] Loaded System Directive: org.apache.velocity.runtime.directive.Foreach
[INFO] Created: 20 parsers.
[INFO] Velocimacro : initialization starting.
[INFO] Velocimacro : adding VMs from VM library template : VM_global_library.vm
[ERROR] ResourceManager : unable to find resource 'VM_global_library.vm' in any resource loader.
[INFO] Velocimacro : error using  VM library template VM_global_library.vm : org.apache.velocity.exception.ResourceNotFoundException: Unable to find resource 'VM_global_library.vm'
[INFO] Velocimacro :  VM library template macro registration complete.
[INFO] Velocimacro : allowInline = true : VMs can be defined inline in templates
[INFO] Velocimacro : allowInlineToOverride = false : VMs defined inline may NOT replace previous VM definitions
[INFO] Velocimacro : allowInlineLocal = false : VMs defined inline will be  global in scope if allowed.
[INFO] Velocimacro : messages on  : VM system will output logging messages
[INFO] Velocimacro : autoload off  : VM system will not automatically reload global library macros
[INFO] Velocimacro : initialization complete.
[INFO] Velocity successfully started.
[INFO] ResourceManager : found templates/index.vm with loader org.apache.velocity.runtime.resource.loader.ClasspathResourceLoader
[INFO] ResourceManager : found templates/overview-frame.vm with loader org.apache.velocity.runtime.resource.loader.ClasspathResourceLoader
[INFO] ResourceManager : found templates/allclasses-frame.vm with loader org.apache.velocity.runtime.resource.loader.ClasspathResourceLoader
[INFO] ResourceManager : found templates/overview-summary.vm with loader org.apache.velocity.runtime.resource.loader.ClasspathResourceLoader
[INFO] ResourceManager : found templates/package-summary.vm with loader org.apache.velocity.runtime.resource.loader.ClasspathResourceLoader
[WARNING] org.apache.velocity.runtime.exception.ReferenceException: reference : template = templates/package-summary.vm [line 22,column 45] : $name is not a valid reference.
[INFO] ResourceManager : found templates/package-frame.vm with loader org.apache.velocity.runtime.resource.loader.ClasspathResourceLoader
[INFO] ResourceManager : found templates/package-summary.vm with loader org.apache.velocity.runtime.resource.loader.ClasspathResourceLoader
[WARNING] org.apache.velocity.runtime.exception.ReferenceException: reference : template = templates/package-summary.vm [line 22,column 45] : $name is not a valid reference.
[INFO] ResourceManager : found templates/package-frame.vm with loader org.apache.velocity.runtime.resource.loader.ClasspathResourceLoader
[INFO] ResourceManager : found templates/package-summary.vm with loader org.apache.velocity.runtime.resource.loader.ClasspathResourceLoader
[WARNING] org.apache.velocity.runtime.exception.ReferenceException: reference : template = templates/package-summary.vm [line 22,column 45] : $name is not a valid reference.
[INFO] ResourceManager : found templates/package-frame.vm with loader org.apache.velocity.runtime.resource.loader.ClasspathResourceLoader
[INFO] ResourceManager : found templates/package-summary.vm with loader org.apache.velocity.runtime.resource.loader.ClasspathResourceLoader
[WARNING] org.apache.velocity.runtime.exception.ReferenceException: reference : template = templates/package-summary.vm [line 22,column 45] : $name is not a valid reference.
[INFO] ResourceManager : found templates/package-frame.vm with loader org.apache.velocity.runtime.resource.loader.ClasspathResourceLoader
[INFO] ResourceManager : found templates/package-summary.vm with loader org.apache.velocity.runtime.resource.loader.ClasspathResourceLoader
[WARNING] org.apache.velocity.runtime.exception.ReferenceException: reference : template = templates/package-summary.vm [line 22,column 45] : $name is not a valid reference.
[INFO] ResourceManager : found templates/package-frame.vm with loader org.apache.velocity.runtime.resource.loader.ClasspathResourceLoader
[INFO] ResourceManager : found templates/package-summary.vm with loader org.apache.velocity.runtime.resource.loader.ClasspathResourceLoader
[WARNING] org.apache.velocity.runtime.exception.ReferenceException: reference : template = templates/package-summary.vm [line 22,column 45] : $name is not a valid reference.
[INFO] ResourceManager : found templates/package-frame.vm with loader org.apache.velocity.runtime.resource.loader.ClasspathResourceLoader
[INFO] ResourceManager : found templates/package-summary.vm with loader org.apache.velocity.runtime.resource.loader.ClasspathResourceLoader
[WARNING] org.apache.velocity.runtime.exception.ReferenceException: reference : template = templates/package-summary.vm [line 22,column 45] : $name is not a valid reference.
[INFO] ResourceManager : found templates/package-frame.vm with loader org.apache.velocity.runtime.resource.loader.ClasspathResourceLoader
[INFO] ResourceManager : found templates/package-summary.vm with loader org.apache.velocity.runtime.resource.loader.ClasspathResourceLoader
[WARNING] org.apache.velocity.runtime.exception.ReferenceException: reference : template = templates/package-summary.vm [line 22,column 45] : $name is not a valid reference.
[INFO] ResourceManager : found templates/package-frame.vm with loader org.apache.velocity.runtime.resource.loader.ClasspathResourceLoader
[INFO] ResourceManager : found templates/package-summary.vm with loader org.apache.velocity.runtime.resource.loader.ClasspathResourceLoader
[WARNING] org.apache.velocity.runtime.exception.ReferenceException: reference : template = templates/package-summary.vm [line 22,column 45] : $name is not a valid reference.
[INFO] ResourceManager : found templates/package-frame.vm with loader org.apache.velocity.runtime.resource.loader.ClasspathResourceLoader
[INFO] Scanning C:\com.u14n\projects\com.u14n.model\src\test\java
[INFO] Scanning C:\com.u14n\projects\com.u14n.model\src\test\aspect
[INFO] ************************************************************** 
[INFO] Starting Jakarta Velocity v1.4
[INFO] RuntimeInstance initializing.
[INFO] Default Properties File: org\apache\velocity\runtime\defaults\velocity.properties
[INFO] Trying to use logger class org.apache.maven.jxr.log.VelocityLogger
[INFO] Using logger class org.apache.maven.jxr.log.VelocityLogger
[INFO] Default ResourceManager initializing. (class org.apache.velocity.runtime.resource.ResourceManagerImpl)
[INFO] Resource Loader Instantiated: org.apache.velocity.runtime.resource.loader.ClasspathResourceLoader
[INFO] ClasspathResourceLoader : initialization starting.
[INFO] ClasspathResourceLoader : initialization complete.
[INFO] ResourceCache : initialized. (class org.apache.velocity.runtime.resource.ResourceCacheImpl)
[INFO] Default ResourceManager initialization complete.
[INFO] Loaded System Directive: org.apache.velocity.runtime.directive.Literal
[INFO] Loaded System Directive: org.apache.velocity.runtime.directive.Macro
[INFO] Loaded System Directive: org.apache.velocity.runtime.directive.Parse
[INFO] Loaded System Directive: org.apache.velocity.runtime.directive.Include
[INFO] Loaded System Directive: org.apache.velocity.runtime.directive.Foreach
[INFO] Created: 20 parsers.
[INFO] Velocimacro : initialization starting.
[INFO] Velocimacro : adding VMs from VM library template : VM_global_library.vm
[ERROR] ResourceManager : unable to find resource 'VM_global_library.vm' in any resource loader.
[INFO] Velocimacro : error using  VM library template VM_global_library.vm : org.apache.velocity.exception.ResourceNotFoundException: Unable to find resource 'VM_global_library.vm'
[INFO] Velocimacro :  VM library template macro registration complete.
[INFO] Velocimacro : allowInline = true : VMs can be defined inline in templates
[INFO] Velocimacro : allowInlineToOverride = false : VMs defined inline may NOT replace previous VM definitions
[INFO] Velocimacro : allowInlineLocal = false : VMs defined inline will be  global in scope if allowed.
[INFO] Velocimacro : messages on  : VM system will output logging messages
[INFO] Velocimacro : autoload off  : VM system will not automatically reload global library macros
[INFO] Velocimacro : initialization complete.
[INFO] Velocity successfully started.
[INFO] ResourceManager : found templates/index.vm with loader org.apache.velocity.runtime.resource.loader.ClasspathResourceLoader
[INFO] ResourceManager : found templates/overview-frame.vm with loader org.apache.velocity.runtime.resource.loader.ClasspathResourceLoader
[INFO] ResourceManager : found templates/allclasses-frame.vm with loader org.apache.velocity.runtime.resource.loader.ClasspathResourceLoader
[INFO] ResourceManager : found templates/overview-summary.vm with loader org.apache.velocity.runtime.resource.loader.ClasspathResourceLoader
[INFO] ResourceManager : found templates/package-summary.vm with loader org.apache.velocity.runtime.resource.loader.ClasspathResourceLoader
[WARNING] org.apache.velocity.runtime.exception.ReferenceException: reference : template = templates/package-summary.vm [line 22,column 45] : $name is not a valid reference.
[INFO] ResourceManager : found templates/package-frame.vm with loader org.apache.velocity.runtime.resource.loader.ClasspathResourceLoader
[INFO] ResourceManager : found templates/package-summary.vm with loader org.apache.velocity.runtime.resource.loader.ClasspathResourceLoader
[WARNING] org.apache.velocity.runtime.exception.ReferenceException: reference : template = templates/package-summary.vm [line 22,column 45] : $name is not a valid reference.
[INFO] ResourceManager : found templates/package-frame.vm with loader org.apache.velocity.runtime.resource.loader.ClasspathResourceLoader
[INFO] ResourceManager : found templates/package-summary.vm with loader org.apache.velocity.runtime.resource.loader.ClasspathResourceLoader
[WARNING] org.apache.velocity.runtime.exception.ReferenceException: reference : template = templates/package-summary.vm [line 22,column 45] : $name is not a valid reference.
[INFO] ResourceManager : found templates/package-frame.vm with loader org.apache.velocity.runtime.resource.loader.ClasspathResourceLoader
[INFO] Generating "FindBugs Report" report.
[INFO]   Using source root:
[INFO]     C:\com.u14n\projects\com.u14n.model\target\classes
[INFO]   Using test source root:
[INFO]     C:\com.u14n\projects\com.u14n.model\target\test-classes
[INFO]   No effort provided, using default effort.
[INFO]   Adding Source Directory: C:\com.u14n\projects\com.u14n.model\src\main\java
[INFO]   Adding Source Directory: C:\com.u14n\projects\com.u14n.model/src/main/aspect
[INFO]   No threshold provided, using default threshold.
[INFO]   Using FindBugs Version: 1.3.8
[INFO]   No threshold provided, using default threshold.
[INFO]   No threshold provided, using default threshold.
[INFO]   Debugging is Off
[INFO]   No bug include filter.
[INFO]   No bug exclude filter.
[INFO] Generating "About" report.
[INFO] Generating "JDepend" report.
[INFO] Generating "Cobertura Test Coverage" report.
[INFO] Cobertura 1.9.2 - GNU GPL License (NO WARRANTY) - See COPYRIGHT file
Cobertura: Loaded information on 32 classes.
Javancss.<init>(InputStream).e: net.sourceforge.cobertura.javancss.ParseException: Encountered "aspect" at line 9, column 8.
Was expecting one of:
    "@" ...
    "abstract" ...
    "final" ...
    "public" ...
    "synchronized" ...
    "strictfp" ...
    "class" ...
    "static" ...
    "protected" ...
    "private" ...
    "native" ...
    "transient" ...
    "volatile" ...
    "enum" ...
    "interface" ...
    
[cobertura] WARN  [main] net.sourceforge.cobertura.reporting.ComplexityCalculator - JavaNCSS got an error while parsing the java file C:\com.u14n\projects\com.u14n.model\src\main\aspect\com\u14n\model\DomainIntegrity.aj
ParseException in STDIN
Last useful checkpoint: "com.u14n.model."
Encountered "aspect" at line 9, column 8.
Was expecting one of:
    "@" ...
    "abstract" ...
    "final" ...
    "public" ...
    "synchronized" ...
    "strictfp" ...
    "class" ...
    "static" ...
    "protected" ...
    "private" ...
    "native" ...
    "transient" ...
    "volatile" ...
    "enum" ...
    "interface" ...
    

Javancss.<init>(InputStream).e: net.sourceforge.cobertura.javancss.ParseException: Encountered "aspect" at line 9, column 8.
Was expecting one of:
    "@" ...
    "abstract" ...
    "final" ...
    "public" ...
    "synchronized" ...
    "strictfp" ...
    "class" ...
    "static" ...
    "protected" ...
    "private" ...
    "native" ...
    "transient" ...
    "volatile" ...
    "enum" ...
    "interface" ...
    
[cobertura] WARN  [main] net.sourceforge.cobertura.reporting.ComplexityCalculator - JavaNCSS got an error while parsing the java file C:\com.u14n\projects\com.u14n.model\src\main\aspect\com\u14n\model\Model.aj
ParseException in STDIN
Last useful checkpoint: "com.u14n.model."
Encountered "aspect" at line 9, column 8.
Was expecting one of:
    "@" ...
    "abstract" ...
    "final" ...
    "public" ...
    "synchronized" ...
    "strictfp" ...
    "class" ...
    "static" ...
    "protected" ...
    "private" ...
    "native" ...
    "transient" ...
    "volatile" ...
    "enum" ...
    "interface" ...
    

Javancss.<init>(InputStream).e: net.sourceforge.cobertura.javancss.ParseException: Encountered "aspect" at line 12, column 8.
Was expecting one of:
    "@" ...
    "abstract" ...
    "final" ...
    "public" ...
    "synchronized" ...
    "strictfp" ...
    "class" ...
    "static" ...
    "protected" ...
    "private" ...
    "native" ...
    "transient" ...
    "volatile" ...
    "enum" ...
    "interface" ...
    
[cobertura] WARN  [main] net.sourceforge.cobertura.reporting.ComplexityCalculator - JavaNCSS got an error while parsing the java file C:\com.u14n\projects\com.u14n.model\src\main\aspect\com\u14n\model\Observables.aj
ParseException in STDIN
Last useful checkpoint: "com.u14n.model."
Encountered "aspect" at line 12, column 8.
Was expecting one of:
    "@" ...
    "abstract" ...
    "final" ...
    "public" ...
    "synchronized" ...
    "strictfp" ...
    "class" ...
    "static" ...
    "protected" ...
    "private" ...
    "native" ...
    "transient" ...
    "volatile" ...
    "enum" ...
    "interface" ...
    

Javancss.<init>(InputStream).e: net.sourceforge.cobertura.javancss.ParseException: Encountered "aspect" at line 11, column 8.
Was expecting one of:
    "@" ...
    "abstract" ...
    "final" ...
    "public" ...
    "synchronized" ...
    "strictfp" ...
    "class" ...
    "static" ...
    "protected" ...
    "private" ...
    "native" ...
    "transient" ...
    "volatile" ...
    "enum" ...
    "interface" ...
    
[cobertura] WARN  [main] net.sourceforge.cobertura.reporting.ComplexityCalculator - JavaNCSS got an error while parsing the java file C:\com.u14n\projects\com.u14n.model\src\main\aspect\com\u14n\model\Serializables.aj
ParseException in STDIN
Last useful checkpoint: "com.u14n.model."
Encountered "aspect" at line 11, column 8.
Was expecting one of:
    "@" ...
    "abstract" ...
    "final" ...
    "public" ...
    "synchronized" ...
    "strictfp" ...
    "class" ...
    "static" ...
    "protected" ...
    "private" ...
    "native" ...
    "transient" ...
    "volatile" ...
    "enum" ...
    "interface" ...
    

Report time: 541ms

[INFO] Cobertura Report generation was successful.
[INFO] Generating "Project License" report.
[INFO] ------------------------------------------------------------------------
[INFO] BUILD SUCCESSFUL
[INFO] ------------------------------------------------------------------------
[INFO] Total time: 1 minute 31 seconds
[INFO] Finished at: Sun Mar 14 15:01:07 EDT 2010
[INFO] Final Memory: 86M/183M
[INFO] ------------------------------------------------------------------------
